<?xml version="1.0" encoding="utf-8"?><testsuites name="pytest tests"><testsuite name="pytest" errors="0" failures="0" skipped="0" tests="18" time="5.452" timestamp="2026-08-10T19:44:25.425861+00:00" hostname="agent-env-b7aaa67e-127b-469d-83ba-e1e9897c3d64"><testcase classname="backend.tests.test_iter90_team_hub_switcher.TestHubEndpoints" name="test_list_hubs_returns_active" time="0.552" /><testcase classname="backend.tests.test_iter90_team_hub_switcher.TestHubEndpoints" name="test_set_active_invalid_hub_403" time="0.145" /><testcase classname="backend.tests.test_iter90_team_hub_switcher.TestHubEndpoints" name="test_set_active_valid" time="0.359" /><testcase classname="backend.tests.test_iter90_team_hub_switcher.TestHubEndpoints" name="test_rename_hub_owner_persists" time="0.483" /><testcase classname="backend.tests.test_iter90_team_hub_switcher.TestHubEndpoints" name="test_rename_nonexistent_404" time="0.119" /><testcase classname="backend.tests.test_iter90_team_hub_switcher.TestOwnerHubToolsRegression" name="test_roster_lists_seed" time="0.142" /><testcase classname="backend.tests.test_iter90_team_hub_switcher.TestOwnerHubToolsRegression" name="test_athletes_seed" time="0.113" /><testcase classname="backend.tests.test_iter90_team_hub_switcher.TestOwnerHubToolsRegression" name="test_roster_create_anchors_to_hub_owner_and_delete" time="0.483" /><testcase classname="backend.tests.test_iter90_team_hub_switcher.TestOwnerHubToolsRegression" name="test_roster_edit" time="0.411" /><testcase classname="backend.tests.test_iter90_team_hub_switcher.TestOwnerHubToolsRegression" name="test_sizes" time="0.156" /><testcase classname="backend.tests.test_iter90_team_hub_switcher.TestOwnerHubToolsRegression" name="test_paperwork" time="0.130" /><testcase classname="backend.tests.test_iter90_team_hub_switcher.TestOwnerHubToolsRegression" name="test_team_forms_create" time="0.385" /><testcase classname="backend.tests.test_iter90_team_hub_switcher.TestOwnerHubToolsRegression" name="test_signup_sheet_create" time="0.379" /><testcase classname="backend.tests.test_iter90_team_hub_switcher.TestOwnerHubToolsRegression" name="test_attendance_create" time="0.412" /><testcase classname="backend.tests.test_iter90_team_hub_switcher.TestOwnerHubToolsRegression" name="test_todos_create" time="0.375" /><testcase classname="backend.tests.test_iter90_team_hub_switcher.TestOwnerHubToolsRegression" name="test_music_list" time="0.133" /><testcase classname="backend.tests.test_iter90_team_hub_switcher.TestOwnerHubToolsRegression" name="test_payments_tracker_create" time="0.421" /><testcase classname="backend.tests.test_iter90_team_hub_switcher.TestBroadcastDryRun" name="test_dry_run" time="0.156" /></testsuite></testsuites>