<?xml version="1.0" encoding="utf-8"?><testsuites name="pytest tests"><testsuite name="pytest" errors="0" failures="0" skipped="0" tests="5" time="9.809" timestamp="2026-09-18T03:54:43.507216+00:00" hostname="agent-env-b7aaa67e-127b-469d-83ba-e1e9897c3d64"><testcase classname="backend.tests.test_inbox_iter125.TestAuthGuard" name="test_confirm_all_requires_auth" time="0.343" /><testcase classname="backend.tests.test_inbox_iter125.TestConfirmAll" name="test_bulk_add_all" time="6.275" /><testcase classname="backend.tests.test_inbox_iter125.TestConfirmAll" name="test_skip_when_no_athlete_id" time="1.906" /><testcase classname="backend.tests.test_inbox_iter125.TestInboundEmail" name="test_bad_recipient_returns_400" time="0.180" /><testcase classname="backend.tests.test_inbox_iter125.TestInboundEmail" name="test_valid_token_creates_email_draft" time="1.030" /></testsuite></testsuites>