<?xml version="1.0" encoding="utf-8"?><testsuites name="pytest tests"><testsuite name="pytest" errors="0" failures="0" skipped="0" tests="7" time="4.471" timestamp="2026-08-31T20:25:09.068161+00:00" hostname="agent-env-b7aaa67e-127b-469d-83ba-e1e9897c3d64"><testcase classname="backend.tests.test_scouting_bulk" name="test_bulk_set_level_visible_to_parent" time="2.050" /><testcase classname="backend.tests.test_scouting_bulk" name="test_bulk_remove_hides_from_parent" time="0.597" /><testcase classname="backend.tests.test_scouting_bulk" name="test_bulk_invalid_level_returns_400" time="0.161" /><testcase classname="backend.tests.test_scouting_bulk" name="test_bulk_empty_skill_ids_ok_noop" time="0.163" /><testcase classname="backend.tests.test_scouting_bulk" name="test_bulk_as_parent_forbidden" time="0.256" /><testcase classname="backend.tests.test_scouting_bulk" name="test_bulk_ignores_foreign_skill_ids" time="0.329" /><testcase classname="backend.tests.test_scouting_bulk" name="test_single_skill_endpoint_still_works" time="0.836" /></testsuite></testsuites>