<?xml version="1.0" encoding="utf-8"?><testsuites name="pytest tests"><testsuite name="pytest" errors="0" failures="0" skipped="0" tests="3" time="3.276" timestamp="2026-08-15T06:18:36.320721+00:00" hostname="agent-env-b7aaa67e-127b-469d-83ba-e1e9897c3d64"><testcase classname="backend.tests.test_iter97_reviews_and_privacy.TestGuidelinesGate" name="test_new_user_review_returns_403_guidelines" time="0.652" /><testcase classname="backend.tests.test_iter97_reviews_and_privacy.TestGuidelinesGate" name="test_accept_then_post_succeeds_first_try" time="0.774" /><testcase classname="backend.tests.test_iter97_reviews_and_privacy.TestDashboardPrivacyFlags" name="test_owner_and_member_expense_toggle" time="1.778" /></testsuite></testsuites>