<?xml version="1.0" encoding="utf-8"?><testsuites name="pytest tests"><testsuite name="pytest" errors="0" failures="0" skipped="0" tests="21" time="1.410" timestamp="2026-06-08T03:07:39.669792+00:00" hostname="agent-env-776ba8fc-fc69-4cf1-aa74-fa7efdaca6ab"><testcase classname="backend.tests.test_schedule_import.TestScheduleTemplate" name="test_template_status_and_content_type" time="0.487" /><testcase classname="backend.tests.test_schedule_import.TestScheduleTemplate" name="test_template_content_disposition" time="0.045" /><testcase classname="backend.tests.test_schedule_import.TestScheduleTemplate" name="test_template_header_row" time="0.045" /><testcase classname="backend.tests.test_schedule_import.TestScheduleTemplate" name="test_template_has_at_least_3_example_rows" time="0.050" /><testcase classname="backend.tests.test_schedule_import.TestSchedulePreview" name="test_preview_returns_rows" time="0.051" /><testcase classname="backend.tests.test_schedule_import.TestSchedulePreview" name="test_preview_event_type_mapping" time="0.000" /><testcase classname="backend.tests.test_schedule_import.TestSchedulePreview" name="test_preview_time_12h_to_24h" time="0.000" /><testcase classname="backend.tests.test_schedule_import.TestSchedulePreview" name="test_preview_recurrence_rule_weekly_tue_thu" time="0.000" /><testcase classname="backend.tests.test_schedule_import.TestSchedulePreview" name="test_preview_recurrence_rule_weekly_fri" time="0.000" /><testcase classname="backend.tests.test_schedule_import.TestSchedulePreview" name="test_preview_non_recurring_has_no_rule" time="0.000" /><testcase classname="backend.tests.test_schedule_import.TestSchedulePreview" name="test_preview_returns_existing_athletes" time="0.000" /><testcase classname="backend.tests.test_schedule_import.TestScheduleCommit" name="test_commit_status_and_counts" time="0.099" /><testcase classname="backend.tests.test_schedule_import.TestScheduleCommit" name="test_commit_auto_creates_athletes_and_warns" time="0.000" /><testcase classname="backend.tests.test_schedule_import.TestScheduleCommit" name="test_commit_persisted_athletes" time="0.048" /><testcase classname="backend.tests.test_schedule_import.TestScheduleCommit" name="test_schedule_list_contains_imported_events" time="0.048" /><testcase classname="backend.tests.test_schedule_import.TestScheduleCommit" name="test_recurring_rows_share_series_id" time="0.049" /><testcase classname="backend.tests.test_schedule_import.TestScheduleCommit" name="test_non_recurring_row_has_no_series" time="0.050" /><testcase classname="backend.tests.test_schedule_import.TestScheduleCommit" name="test_event_has_athlete_ids_resolved" time="0.048" /><testcase classname="backend.tests.test_schedule_import.TestScheduleCommit" name="test_calendar_shows_recurring_occurrences" time="0.049" /><testcase classname="backend.tests.test_schedule_import.TestScheduleImportErrors" name="test_template_unknown_kind_400" time="0.056" /><testcase classname="backend.tests.test_schedule_import.TestScheduleImportErrors" name="test_preview_requires_auth" time="0.186" /></testsuite></testsuites>