<?xml version="1.0" encoding="utf-8"?><testsuites name="pytest tests"><testsuite name="pytest" errors="0" failures="0" skipped="0" tests="12" time="10.317" timestamp="2026-09-17T23:37:09.491994+00:00" hostname="agent-env-b7aaa67e-127b-469d-83ba-e1e9897c3d64"><testcase classname="backend.tests.test_inbox_iter124.TestAuthGuard" name="test_parse_requires_auth" time="0.199" /><testcase classname="backend.tests.test_inbox_iter124.TestAuthGuard" name="test_drafts_requires_auth" time="0.240" /><testcase classname="backend.tests.test_inbox_iter124.TestAuthGuard" name="test_address_requires_auth" time="0.208" /><testcase classname="backend.tests.test_inbox_iter124.TestAddress" name="test_address_not_configured" time="0.535" /><testcase classname="backend.tests.test_inbox_iter124.TestParseAndConfirm" name="test_parse_flight_returns_booking_draft" time="3.790" /><testcase classname="backend.tests.test_inbox_iter124.TestParseAndConfirm" name="test_parse_receipt_returns_expense_draft" time="1.223" /><testcase classname="backend.tests.test_inbox_iter124.TestParseAndConfirm" name="test_parse_rejects_empty" time="0.150" /><testcase classname="backend.tests.test_inbox_iter124.TestParseAndConfirm" name="test_drafts_scoped_to_user" time="0.140" /><testcase classname="backend.tests.test_inbox_iter124.TestParseAndConfirm" name="test_confirm_expense_creates_expense" time="0.649" /><testcase classname="backend.tests.test_inbox_iter124.TestParseAndConfirm" name="test_confirm_booking_creates_booking" time="0.521" /><testcase classname="backend.tests.test_inbox_iter124.TestDelete" name="test_delete_draft" time="1.625" /><testcase classname="backend.tests.test_inbox_iter124.TestDelete" name="test_delete_missing_returns_404" time="0.969" /></testsuite></testsuites>