<?xml version="1.0" encoding="utf-8"?><testsuites name="pytest tests"><testsuite name="pytest" errors="0" failures="0" skipped="0" tests="17" time="3.424" timestamp="2026-08-04T16:27:32.719463+00:00" hostname="agent-env-b7aaa67e-127b-469d-83ba-e1e9897c3d64"><testcase classname="backend.tests.test_iter85_roadmap_enh.TestNewPlannedItems" name="test_website_companion_in_progress" time="0.659" /><testcase classname="backend.tests.test_iter85_roadmap_enh.TestNewPlannedItems" name="test_in_app_team_chat_planned" time="0.139" /><testcase classname="backend.tests.test_iter85_roadmap_enh.TestCommentCountField" name="test_every_item_has_comment_count" time="0.138" /><testcase classname="backend.tests.test_iter85_roadmap_enh.TestComments" name="test_setup_target_suggestion" time="0.207" /><testcase classname="backend.tests.test_iter85_roadmap_enh.TestComments" name="test_add_comment" time="0.134" /><testcase classname="backend.tests.test_iter85_roadmap_enh.TestComments" name="test_add_empty_comment_rejected" time="0.130" /><testcase classname="backend.tests.test_iter85_roadmap_enh.TestComments" name="test_add_comment_unknown_item" time="0.128" /><testcase classname="backend.tests.test_iter85_roadmap_enh.TestComments" name="test_list_comments" time="0.131" /><testcase classname="backend.tests.test_iter85_roadmap_enh.TestComments" name="test_comment_count_bumps_on_roadmap" time="0.202" /><testcase classname="backend.tests.test_iter85_roadmap_enh.TestComments" name="test_delete_own_comment" time="0.243" /><testcase classname="backend.tests.test_iter85_roadmap_enh.TestComments" name="test_delete_unknown_comment_404" time="0.161" /><testcase classname="backend.tests.test_iter85_roadmap_enh.TestShipNotifications" name="test_notifications_endpoint_returns_list" time="0.126" /><testcase classname="backend.tests.test_iter85_roadmap_enh.TestShipNotifications" name="test_mark_seen_and_next_get_empty" time="0.258" /><testcase classname="backend.tests.test_iter85_roadmap_enh.TestShipNotifications" name="test_notifications_requires_auth" time="0.124" /><testcase classname="backend.tests.test_iter85_roadmap_enh.TestAdminGates" name="test_non_admin_cannot_merge" time="0.288" /><testcase classname="backend.tests.test_iter85_roadmap_enh.TestAdminGates" name="test_non_admin_cannot_patch_status" time="0.267" /><testcase classname="backend.tests.test_iter85_roadmap_enh" name="test_cleanup_note" time="0.000" /></testsuite></testsuites>