<?xml version="1.0" encoding="utf-8"?><testsuites name="pytest tests"><testsuite name="pytest" errors="0" failures="0" skipped="0" tests="2" time="1.644" timestamp="2026-09-15T17:47:30.818367+00:00" hostname="agent-env-b7aaa67e-127b-469d-83ba-e1e9897c3d64"><testcase classname="backend.tests.test_broadcast_send_e2e.TestBroadcastSend" name="test_dry_run_preview" time="0.931" /><testcase classname="backend.tests.test_broadcast_send_e2e.TestBroadcastSend" name="test_real_send_to_throwaway" time="0.645" /></testsuite></testsuites>