<?xml version="1.0" encoding="utf-8"?><testsuites name="pytest tests"><testsuite name="pytest" errors="0" failures="0" skipped="0" tests="4" time="2.550" timestamp="2026-06-17T04:39:29.372843+00:00" hostname="agent-env-776ba8fc-fc69-4cf1-aa74-fa7efdaca6ab"><testcase classname="backend.tests.test_iter19_payment_fixes.TestPostExplicitAllocations" name="test_A_post_with_explicit_allocations" time="0.949" /><testcase classname="backend.tests.test_iter19_payment_fixes.TestPatchAmountDecreaseClearsFlags" name="test_B_patch_amount_decrease_resets_both_flags" time="0.574" /><testcase classname="backend.tests.test_iter19_payment_fixes.TestPatchExplicitAllocationsOverride" name="test_C_patch_explicit_allocations_skip_waterfall" time="0.567" /><testcase classname="backend.tests.test_iter19_payment_fixes.TestDeleteRefreshesPaidFlags" name="test_D_delete_payment_clears_paid_flag" time="0.379" /></testsuite></testsuites>