<?xml version="1.0" encoding="utf-8"?><testsuites name="pytest tests"><testsuite name="pytest" errors="0" failures="0" skipped="0" tests="7" time="5.787" timestamp="2026-07-18T04:00:19.600742+00:00" hostname="agent-env-b7aaa67e-127b-469d-83ba-e1e9897c3d64"><testcase classname="backend.tests.test_iter54_multi_team_and_payments.TestRosterMultiTeam" name="test_team_ids_persisted_as_list" time="0.982" /><testcase classname="backend.tests.test_iter54_multi_team_and_payments.TestRosterMultiTeam" name="test_filter_by_team_id_and_none" time="0.536" /><testcase classname="backend.tests.test_iter54_multi_team_and_payments.TestRosterMultiTeam" name="test_list_sorted_last_then_first" time="0.450" /><testcase classname="backend.tests.test_iter54_multi_team_and_payments.TestRosterImportTeams" name="test_import_athlete_carries_team_ids" time="0.433" /><testcase classname="backend.tests.test_iter54_multi_team_and_payments.TestPaymentTrackerBehavior" name="test_create_list_summary_and_variable_amounts" time="0.707" /><testcase classname="backend.tests.test_iter54_multi_team_and_payments.TestPaymentTrackerBehavior" name="test_member_total_excludes_parents" time="0.383" /><testcase classname="backend.tests.test_iter54_multi_team_and_payments.TestPaymentTrackerBehavior" name="test_patch_and_delete_tracker" time="2.102" /></testsuite></testsuites>