<?xml version="1.0" encoding="utf-8"?><testsuites name="pytest tests"><testsuite name="pytest" errors="0" failures="0" skipped="0" tests="7" time="3.005" timestamp="2026-08-05T22:16:04.379913+00:00" hostname="agent-env-b7aaa67e-127b-469d-83ba-e1e9897c3d64"><testcase classname="backend.tests.test_iter88_roster_caretakers.TestRosterCRUDNewFields" name="test_create_athlete_with_new_fields" time="0.825" /><testcase classname="backend.tests.test_iter88_roster_caretakers.TestRosterCRUDNewFields" name="test_get_returns_new_fields" time="0.137" /><testcase classname="backend.tests.test_iter88_roster_caretakers.TestRosterCRUDNewFields" name="test_patch_updates_caretakers" time="0.181" /><testcase classname="backend.tests.test_iter88_roster_caretakers.TestRosterCRUDNewFields" name="test_patch_empty_caretakers_clears" time="0.110" /><testcase classname="backend.tests.test_iter88_roster_caretakers.TestBroadcastRecipients" name="test_dry_run_includes_expected_recipients" time="0.302" /><testcase classname="backend.tests.test_iter88_roster_caretakers.TestBroadcastRecipients" name="test_dry_run_respects_parent_include_false" time="0.465" /><testcase classname="backend.tests.test_iter88_roster_caretakers.TestPublicShareRosterMember" name="test_share_link_creation_gated" time="0.776" /></testsuite></testsuites>