<?xml version="1.0" encoding="utf-8"?><testsuites name="pytest tests"><testsuite name="pytest" errors="0" failures="0" skipped="0" tests="11" time="1.792" timestamp="2026-08-13T18:20:55.520926+00:00" hostname="agent-env-b7aaa67e-127b-469d-83ba-e1e9897c3d64"><testcase classname="backend.tests.test_iter91_dob_all_roles.TestRosterDobStaff" name="test_create_staff_with_dob" time="0.592" /><testcase classname="backend.tests.test_iter91_dob_all_roles.TestRosterDobStaff" name="test_get_staff_dob_persisted" time="0.066" /><testcase classname="backend.tests.test_iter91_dob_all_roles.TestRosterDobStaff" name="test_patch_staff_dob_no_wipe" time="0.073" /><testcase classname="backend.tests.test_iter91_dob_all_roles.TestRosterDobStaff" name="test_patch_staff_dob_change" time="0.131" /><testcase classname="backend.tests.test_iter91_dob_all_roles.TestRosterDobStaff" name="test_cleanup_delete" time="0.068" /><testcase classname="backend.tests.test_iter91_dob_all_roles.TestRosterDobAthlete" name="test_create_athlete_with_full_dob" time="0.069" /><testcase classname="backend.tests.test_iter91_dob_all_roles.TestRosterDobAthlete" name="test_cleanup" time="0.076" /><testcase classname="backend.tests.test_iter91_dob_all_roles.TestPublicShareDobRoleAware" name="test_create_member_and_share_link" time="0.140" /><testcase classname="backend.tests.test_iter91_dob_all_roles.TestPublicShareDobRoleAware" name="test_public_page_dob_input_and_onrolechange" time="0.193" /><testcase classname="backend.tests.test_iter91_dob_all_roles.TestPublicShareDobRoleAware" name="test_public_submit_staff_dob_saves" time="0.219" /><testcase classname="backend.tests.test_iter91_dob_all_roles.TestPublicShareDobRoleAware" name="test_cleanup" time="0.080" /></testsuite></testsuites>