<?xml version="1.0" encoding="utf-8"?><testsuites name="pytest tests"><testsuite name="pytest" errors="0" failures="0" skipped="0" tests="4" time="62.071" timestamp="2026-08-16T22:10:24.731900+00:00" hostname="agent-env-b7aaa67e-127b-469d-83ba-e1e9897c3d64"><testcase classname="backend.tests.test_team_chat_named_channels_ext" name="test_parent_can_use_main_thread_and_create_channel" time="1.806" /><testcase classname="backend.tests.test_team_chat_named_channels_ext" name="test_outsider_blocked_from_foreign_channel" time="1.436" /><testcase classname="backend.tests.test_team_chat_named_channels_ext" name="test_channel_and_main_are_isolated" time="1.152" /><testcase classname="backend.tests.test_team_chat_named_channels_ext" name="test_regression_reactions_and_moderation" time="57.608" /></testsuite></testsuites>