<?xml version="1.0" encoding="utf-8"?><testsuites name="pytest tests"><testsuite name="pytest" errors="0" failures="0" skipped="0" tests="8" time="5.477" timestamp="2026-08-13T23:28:55.339206+00:00" hostname="agent-env-b7aaa67e-127b-469d-83ba-e1e9897c3d64"><testcase classname="backend.tests.test_iter93_community_reviews" name="test_list_categories_defaults_present" time="0.657" /><testcase classname="backend.tests.test_iter93_community_reviews" name="test_add_category_regular_user" time="0.435" /><testcase classname="backend.tests.test_iter93_community_reviews" name="test_list_places_sort_and_filters" time="0.606" /><testcase classname="backend.tests.test_iter93_community_reviews" name="test_submit_edit_delete_review_flow" time="0.990" /><testcase classname="backend.tests.test_iter93_community_reviews" name="test_display_name_anonymous_vs_name" time="0.716" /><testcase classname="backend.tests.test_iter93_community_reviews" name="test_cross_account_visibility_and_flag" time="0.956" /><testcase classname="backend.tests.test_iter93_community_reviews" name="test_non_admin_forbidden_on_flags_and_merge" time="0.252" /><testcase classname="backend.tests.test_iter93_community_reviews" name="test_admin_merge_flow" time="0.786" /></testsuite></testsuites>