<?xml version="1.0" encoding="utf-8"?><testsuites name="pytest tests"><testsuite name="pytest" errors="0" failures="0" skipped="0" tests="14" time="11.685" timestamp="2026-09-01T21:58:28.229788+00:00" hostname="agent-env-b7aaa67e-127b-469d-83ba-e1e9897c3d64"><testcase classname="backend.tests.test_iter113_flyer_generator.TestAuthGating" name="test_flyer_generate_requires_staff" time="0.518" /><testcase classname="backend.tests.test_iter113_flyer_generator.TestAuthGating" name="test_list_logos_requires_staff" time="0.238" /><testcase classname="backend.tests.test_iter113_flyer_generator.TestAuthGating" name="test_list_flyers_requires_staff" time="0.167" /><testcase classname="backend.tests.test_iter113_flyer_generator.TestListing" name="test_list_flyers_ok" time="0.607" /><testcase classname="backend.tests.test_iter113_flyer_generator.TestListing" name="test_list_logos_ok" time="0.144" /><testcase classname="backend.tests.test_iter113_flyer_generator.TestGenerateValidation" name="test_missing_title_400" time="0.226" /><testcase classname="backend.tests.test_iter113_flyer_generator.TestGenerateAndPost" name="test_generate_flyer_returns_image" time="7.675" /><testcase classname="backend.tests.test_iter113_flyer_generator.TestGenerateAndPost" name="test_get_flyer_by_id" time="0.690" /><testcase classname="backend.tests.test_iter113_flyer_generator.TestGenerateAndPost" name="test_flyer_appears_in_list" time="0.222" /><testcase classname="backend.tests.test_iter113_flyer_generator.TestGenerateAndPost" name="test_post_to_chat" time="0.172" /><testcase classname="backend.tests.test_iter113_flyer_generator.TestGenerateAndPost" name="test_non_staff_cannot_delete_chat_message" time="0.321" /><testcase classname="backend.tests.test_iter113_flyer_generator.TestGenerateAndPost" name="test_staff_can_delete_chat_message" time="0.152" /><testcase classname="backend.tests.test_iter113_flyer_generator.TestDelete" name="test_non_staff_cannot_delete_flyer" time="0.146" /><testcase classname="backend.tests.test_iter113_flyer_generator.TestDelete" name="test_delete_flyer_and_verify_gone" time="0.318" /></testsuite></testsuites>