<?xml version="1.0" encoding="utf-8"?><testsuites name="pytest tests"><testsuite name="pytest" errors="0" failures="0" skipped="0" tests="26" time="133.638" timestamp="2026-09-02T13:59:17.734387+00:00" hostname="agent-env-b7aaa67e-127b-469d-83ba-e1e9897c3d64"><testcase classname="backend.tests.test_ai_designer.TestAccessControl" name="test_non_staff_generate_forbidden" time="0.482" /><testcase classname="backend.tests.test_ai_designer.TestAccessControl" name="test_non_staff_list_forbidden" time="0.138" /><testcase classname="backend.tests.test_ai_designer.TestAccessControl" name="test_unauth_generate_401" time="0.355" /><testcase classname="backend.tests.test_ai_designer.TestValidation" name="test_empty_prompt_400" time="0.499" /><testcase classname="backend.tests.test_ai_designer.TestValidation" name="test_save_empty_400" time="0.162" /><testcase classname="backend.tests.test_ai_designer.TestDesignFlow" name="test_generate_returns_base64" time="11.265" /><testcase classname="backend.tests.test_ai_designer.TestDesignFlow" name="test_save_and_list" time="0.852" /><testcase classname="backend.tests.test_ai_designer.TestDesignFlow" name="test_get_returns_image" time="0.647" /><testcase classname="backend.tests.test_ai_designer.TestDesignFlow" name="test_delete_then_404" time="0.317" /><testcase classname="backend.tests.test_ai_designer.TestVariationsAndTransparent" name="test_generate_variations_2_transparent" time="32.839" /><testcase classname="backend.tests.test_ai_designer.TestVariationsAndTransparent" name="test_variations_clamped_to_max" time="20.403" /><testcase classname="backend.tests.test_ai_designer.TestEditAndReferenceInputs" name="test_edit_image_returns_new_design" time="13.718" /><testcase classname="backend.tests.test_ai_designer.TestEditAndReferenceInputs" name="test_reference_and_logo_accepted" time="22.733" /><testcase classname="backend.tests.test_ai_designer.TestEditAndReferenceInputs" name="test_only_reference_no_prompt_allowed" time="25.829" /><testcase classname="backend.tests.test_ai_designer.TestBrandPresets" name="test_brand_list_initially_ok" time="0.207" /><testcase classname="backend.tests.test_ai_designer.TestBrandPresets" name="test_brand_create_requires_name" time="0.158" /><testcase classname="backend.tests.test_ai_designer.TestBrandPresets" name="test_brand_full_crud" time="0.680" /><testcase classname="backend.tests.test_ai_designer.TestBrandPresets" name="test_brand_delete_404_for_unknown" time="0.178" /><testcase classname="backend.tests.test_ai_designer.TestPostToChat" name="test_post_to_chat_empty_400" time="0.153" /><testcase classname="backend.tests.test_ai_designer.TestPostToChat" name="test_post_to_chat_success_then_delete" time="0.499" /><testcase classname="backend.tests.test_ai_designer.TestNonStaffBlocked" name="test_non_staff_brands_list_forbidden" time="0.128" /><testcase classname="backend.tests.test_ai_designer.TestNonStaffBlocked" name="test_non_staff_brand_create_forbidden" time="0.184" /><testcase classname="backend.tests.test_ai_designer.TestNonStaffBlocked" name="test_non_staff_brand_update_forbidden" time="0.201" /><testcase classname="backend.tests.test_ai_designer.TestNonStaffBlocked" name="test_non_staff_brand_delete_forbidden" time="0.184" /><testcase classname="backend.tests.test_ai_designer.TestNonStaffBlocked" name="test_non_staff_post_to_chat_forbidden" time="0.159" /><testcase classname="backend.tests.test_ai_designer.TestNonStaffBlocked" name="test_non_staff_cannot_delete_coach_flyer_in_chat" time="0.588" /></testsuite></testsuites>