<?xml version="1.0" encoding="utf-8"?><testsuites name="pytest tests"><testsuite name="pytest" errors="0" failures="2" skipped="0" tests="13" time="4.437" timestamp="2026-06-15T19:01:07.983007+00:00" hostname="agent-env-776ba8fc-fc69-4cf1-aa74-fa7efdaca6ab"><testcase classname="backend.tests.test_apply_available_payments.TestBulkPaymentsNoAutoAllocate" name="test_bulk_payment_creates_unallocated_and_keeps_expense_unpaid" time="0.972" /><testcase classname="backend.tests.test_apply_available_payments.TestBulkPaymentsNoAutoAllocate" name="test_bulk_payment_multi_athlete_equal_split" time="0.240" /><testcase classname="backend.tests.test_apply_available_payments.TestApplyAvailablePayments" name="test_pulls_leftover_funds_oldest_first" time="0.430" /><testcase classname="backend.tests.test_apply_available_payments.TestApplyAvailablePayments" name="test_partial_coverage_does_not_flip_paid" time="0.289" /><testcase classname="backend.tests.test_apply_available_payments.TestApplyAvailablePayments" name="test_no_payments_returns_zero" time="0.254" /><testcase classname="backend.tests.test_apply_available_payments.TestApplyAvailablePayments" name="test_no_leftover_funds_returns_zero" time="0.285"><failure message="assert 25.0 == 0">backend/tests/test_apply_available_payments.py:254: in test_no_leftover_funds_returns_zero
    assert data["applied"] == 0
E   assert 25.0 == 0</failure></testcase><testcase classname="backend.tests.test_apply_available_payments.TestApplyAvailablePayments" name="test_balance_zero_returns_zero" time="0.278"><failure message="assert 20.0 == 0">backend/tests/test_apply_available_payments.py:270: in test_balance_zero_returns_zero
    assert data["applied"] == 0
E   assert 20.0 == 0</failure></testcase><testcase classname="backend.tests.test_apply_available_payments.TestApplyAvailablePayments" name="test_idempotent_second_call_zero" time="0.289" /><testcase classname="backend.tests.test_apply_available_payments.TestSinglePaymentUnchanged" name="test_payment_with_applied_expense_ids_marks_paid" time="0.233" /><testcase classname="backend.tests.test_apply_available_payments.TestSinglePaymentUnchanged" name="test_partial_payment_does_not_mark_paid" time="0.250" /><testcase classname="backend.tests.test_apply_available_payments.TestRegression" name="test_dashboard_balance_does_not_drop_after_bulk_payment" time="0.346" /><testcase classname="backend.tests.test_apply_available_payments.TestRegression" name="test_lists_endpoints_return_200" time="0.143" /><testcase classname="backend.tests.test_apply_available_payments.TestHouseholdScoping" name="test_endpoint_uses_household_scope_for_caller" time="0.240" /></testsuite></testsuites>