<?xml version="1.0" encoding="utf-8"?><testsuites name="pytest tests"><testsuite name="pytest" errors="0" failures="0" skipped="0" tests="6" time="2.126" timestamp="2026-09-09T18:07:50.869937+00:00" hostname="agent-env-b7aaa67e-127b-469d-83ba-e1e9897c3d64"><testcase classname="backend.tests.test_iter122_block_coach_from_payment" name="test_owner_blocks_lists_coach_as_member" time="0.726" /><testcase classname="backend.tests.test_iter122_block_coach_from_payment" name="test_owner_can_block_coach" time="0.272" /><testcase classname="backend.tests.test_iter122_block_coach_from_payment" name="test_coach_cannot_see_blocked_tracker" time="0.524" /><testcase classname="backend.tests.test_iter122_block_coach_from_payment" name="test_owner_can_unblock_coach" time="0.352" /><testcase classname="backend.tests.test_iter122_block_coach_from_payment" name="test_family_regression_still_listed" time="0.084" /><testcase classname="backend.tests.test_iter122_block_coach_from_payment" name="test_cleanup_created_tracker" time="0.099" /></testsuite></testsuites>