<?xml version="1.0" encoding="utf-8"?><testsuites name="pytest tests"><testsuite name="pytest" errors="0" failures="0" skipped="0" tests="9" time="2.098" timestamp="2026-07-18T07:18:43.595088+00:00" hostname="agent-env-b7aaa67e-127b-469d-83ba-e1e9897c3d64"><testcase classname="backend.tests.test_iter59_team_payments_owes.TestSummaryShape" name="test_list_summary_has_new_fields" time="0.548" /><testcase classname="backend.tests.test_iter59_team_payments_owes.TestSummaryShape" name="test_detail_summary_has_new_fields" time="0.170" /><testcase classname="backend.tests.test_iter59_team_payments_owes.TestOwesWithExpectedAmount" name="test_full_partial_and_unrecorded" time="0.346" /><testcase classname="backend.tests.test_iter59_team_payments_owes.TestOwesWithExpectedAmount" name="test_short_count_never_negative" time="0.134" /><testcase classname="backend.tests.test_iter59_team_payments_owes.TestOwesWithoutExpected" name="test_null_expected" time="0.126" /><testcase classname="backend.tests.test_iter59_team_payments_owes.TestOwesWithoutExpected" name="test_null_expected_after_paying_one" time="0.130" /><testcase classname="backend.tests.test_iter59_team_payments_owes.TestPutRecompute" name="test_marking_paid_reduces_short_and_outstanding" time="0.217" /><testcase classname="backend.tests.test_iter59_team_payments_owes.TestMoneyRegression" name="test_money_payments_200" time="0.042" /><testcase classname="backend.tests.test_iter59_team_payments_owes.TestTeamRecordRegression" name="test_full_record_persists_and_returns_in_detail" time="0.299" /></testsuite></testsuites>