<?xml version="1.0" encoding="utf-8"?><testsuites name="pytest tests"><testsuite name="pytest" errors="0" failures="0" skipped="0" tests="8" time="5.510" timestamp="2026-08-13T22:26:23.579543+00:00" hostname="agent-env-b7aaa67e-127b-469d-83ba-e1e9897c3d64"><testcase classname="backend.tests.test_iter92_household_privacy.TestVisibilityShape" name="test_owner_auth_me_visibility" time="0.892" /><testcase classname="backend.tests.test_iter92_household_privacy.TestVisibilityShape" name="test_household_shape_owner" time="0.920" /><testcase classname="backend.tests.test_iter92_household_privacy.TestPrivacyPermissions" name="test_non_owner_cannot_patch" time="0.382" /><testcase classname="backend.tests.test_iter92_household_privacy.TestPrivacyPermissions" name="test_owner_cannot_block_self" time="0.319" /><testcase classname="backend.tests.test_iter92_household_privacy.TestBlockedMemberExperience" name="test_block_expenses_returns_403_and_zeroes_dashboard" time="0.905" /><testcase classname="backend.tests.test_iter92_household_privacy.TestBlockedMemberExperience" name="test_block_travel_returns_403" time="0.993" /><testcase classname="backend.tests.test_iter92_household_privacy.TestBlockedMemberExperience" name="test_owner_never_blocked" time="0.452" /><testcase classname="backend.tests.test_iter92_household_privacy.TestBlockedMemberExperience" name="test_restore_visibility" time="0.566" /></testsuite></testsuites>