<?xml version="1.0" encoding="utf-8"?><testsuites name="pytest tests"><testsuite name="pytest" errors="0" failures="1" skipped="0" tests="5" time="3.847" timestamp="2026-08-14T21:51:37.129841+00:00" hostname="agent-env-b7aaa67e-127b-469d-83ba-e1e9897c3d64"><testcase classname="backend.tests.test_iter96_seasons_rollover" name="test_login_and_two_seasons_present" time="0.763" /><testcase classname="backend.tests.test_iter96_seasons_rollover.TestRolloverCreate" name="test_rollover_creates_new_active_season_and_leaves_source_intact" time="1.324"><failure message="AssertionError: assert 0 == 2&#10; +  where 2 = len([{'color': '#E11D48', 'created_at': '2026-06-17T18:11:10.306174+00:00', 'id': 'c2f7b7e2-466f-4631-a95d-a2ff1f959737', 'logo_image': '', ...}, {'color': '#0EA5E9', 'created_at': '2026-06-17T18:11:10.306630+00:00', 'id': 'e80622f0-00c2-4975-99fe-1aa97afdeb70', 'logo_image': None, ...}])">backend/tests/test_iter96_seasons_rollover.py:104: in test_rollover_creates_new_active_season_and_leaves_source_intact
    assert body["summary"]["teams"] == len(src_teams_before)
E   AssertionError: assert 0 == 2
E    +  where 2 = len([{'color': '#E11D48', 'created_at': '2026-06-17T18:11:10.306174+00:00', 'id': 'c2f7b7e2-466f-4631-a95d-a2ff1f959737', 'logo_image': '', ...}, {'color': '#0EA5E9', 'created_at': '2026-06-17T18:11:10.306630+00:00', 'id': 'e80622f0-00c2-4975-99fe-1aa97afdeb70', 'logo_image': None, ...}])</failure></testcase><testcase classname="backend.tests.test_iter96_seasons_rollover.TestRolloverCreate" name="test_rollover_duplicate_name_returns_409" time="0.758" /><testcase classname="backend.tests.test_iter96_seasons_rollover.TestRolloverCreate" name="test_rollover_overlapping_dates_returns_409" time="0.758" /><testcase classname="backend.tests.test_iter96_seasons_rollover" name="test_dashboard_returns_suggest_season_flag" time="0.152" /></testsuite></testsuites>