<?xml version="1.0" encoding="utf-8"?><testsuites name="pytest tests"><testsuite name="pytest" errors="0" failures="0" skipped="0" tests="7" time="3.657" timestamp="2026-07-25T19:41:19.775866+00:00" hostname="agent-env-b7aaa67e-127b-469d-83ba-e1e9897c3d64"><testcase classname="backend.tests.test_iter67_duplicate_and_perdue.TestSignupDuplicate" name="test_requires_auth" time="1.113" /><testcase classname="backend.tests.test_iter67_duplicate_and_perdue.TestSignupDuplicate" name="test_duplicate_copies_slots_no_claims" time="0.093" /><testcase classname="backend.tests.test_iter67_duplicate_and_perdue.TestPaperworkDuplicate" name="test_duplicate_copies_columns_no_checks" time="0.567" /><testcase classname="backend.tests.test_iter67_duplicate_and_perdue.TestPaymentDuplicateAndPerMemberDue" name="test_create_tracker_and_set_per_member" time="0.447" /><testcase classname="backend.tests.test_iter67_duplicate_and_perdue.TestPaymentDuplicateAndPerMemberDue" name="test_summary_reflects_per_member_dues" time="0.100" /><testcase classname="backend.tests.test_iter67_duplicate_and_perdue.TestPaymentDuplicateAndPerMemberDue" name="test_amount_due_null_falls_back_to_default" time="0.105" /><testcase classname="backend.tests.test_iter67_duplicate_and_perdue.TestPaymentDuplicateAndPerMemberDue" name="test_duplicate_preserves_amount_and_dues_and_exemptions_no_paid" time="1.139" /></testsuite></testsuites>