<?xml version="1.0" encoding="utf-8"?><testsuites name="pytest tests"><testsuite name="pytest" errors="0" failures="0" skipped="0" tests="12" time="6.147" timestamp="2026-07-21T19:05:37.062167+00:00" hostname="agent-env-b7aaa67e-127b-469d-83ba-e1e9897c3d64"><testcase classname="backend.tests.test_iter62_team_access_delegation.TestGetTeamAccess" name="test_returns_owner_shape" time="0.604" /><testcase classname="backend.tests.test_iter62_team_access_delegation.TestPatchMember" name="test_owner_can_toggle_self_off_then_on" time="0.579" /><testcase classname="backend.tests.test_iter62_team_access_delegation.TestPatchMember" name="test_non_member_user_id_returns_404" time="0.117" /><testcase classname="backend.tests.test_iter62_team_access_delegation.TestInvite" name="test_invite_new_email_returns_code" time="0.878" /><testcase classname="backend.tests.test_iter62_team_access_delegation.TestInvite" name="test_delete_missing_invite_returns_404" time="0.133" /><testcase classname="backend.tests.test_iter62_team_access_delegation.TestNonOwnerAuth" name="test_get_team_access_shows_is_owner_false" time="0.711" /><testcase classname="backend.tests.test_iter62_team_access_delegation.TestNonOwnerAuth" name="test_non_owner_patch_403" time="0.109" /><testcase classname="backend.tests.test_iter62_team_access_delegation.TestNonOwnerAuth" name="test_non_owner_invite_403" time="0.105" /><testcase classname="backend.tests.test_iter62_team_access_delegation.TestNonOwnerAuth" name="test_non_owner_delete_403" time="0.248" /><testcase classname="backend.tests.test_iter62_team_access_delegation.TestGrantExistingMember" name="test_invite_existing_household_member_grants_directly" time="0.962" /><testcase classname="backend.tests.test_iter62_team_access_delegation.TestJoinGrantsTeamAccess" name="test_email_invite_join_grants_access" time="0.905" /><testcase classname="backend.tests.test_iter62_team_access_delegation" name="test_zzz_owner_team_access_restored" time="0.704" /></testsuite></testsuites>