<?xml version="1.0" encoding="utf-8"?><testsuites name="pytest tests"><testsuite name="pytest" errors="0" failures="0" skipped="0" tests="8" time="6.582" timestamp="2026-08-03T19:33:10.405888+00:00" hostname="agent-env-b7aaa67e-127b-469d-83ba-e1e9897c3d64"><testcase classname="backend.tests.test_iter77_share_photo_and_season_filters.TestRosterSharePhoto" name="test_create_and_submit_with_photo" time="2.081" /><testcase classname="backend.tests.test_iter77_share_photo_and_season_filters.TestExpenseSeasonFilter" name="test_tagged_expense_visible_only_under_its_season" time="0.992" /><testcase classname="backend.tests.test_iter77_share_photo_and_season_filters.TestExpenseSeasonFilter" name="test_untagged_expense_visible_across_seasons" time="0.739" /><testcase classname="backend.tests.test_iter77_share_photo_and_season_filters.TestPaymentSeasonFilter" name="test_payment_season_visibility" time="0.636" /><testcase classname="backend.tests.test_iter77_share_photo_and_season_filters.TestFundraiserSeasonAndRegression" name="test_fundraiser_season_visibility" time="0.502" /><testcase classname="backend.tests.test_iter77_share_photo_and_season_filters.TestFundraiserSeasonAndRegression" name="test_fundraiser_no_photos_no_seasons" time="0.288" /><testcase classname="backend.tests.test_iter77_share_photo_and_season_filters.TestBulkSeasonTagging" name="test_expense_bulk_tags_all_rows" time="0.463" /><testcase classname="backend.tests.test_iter77_share_photo_and_season_filters.TestBulkSeasonTagging" name="test_payment_bulk_tags_all_rows" time="0.797" /></testsuite></testsuites>