<?xml version="1.0" encoding="utf-8"?><testsuites name="pytest tests"><testsuite name="pytest" errors="0" failures="1" skipped="0" tests="3" time="3.370" timestamp="2026-07-25T21:04:30.223001+00:00" hostname="agent-env-b7aaa67e-127b-469d-83ba-e1e9897c3d64"><testcase classname="backend.tests.test_iter69_sizes_race.TestSizesRaceCondition" name="test_concurrent_puts_persist_all_values" time="2.048"><failure message="AssertionError: Race condition confirmed: 3/8 size values dropped by concurrent PUT /api/team/sizes/value. Missing: {'2267d72a-352e-4822-97fe-16274d78947c': 'V1', '62f66112-9bb0-4b44-a5df-1308e988dd41': 'V4', 'd4d5768a-e227-49e8-9d4b-9f13ca4a1b2c': 'V6'}&#10;assert not {'2267d72a-352e-4822-97fe-16274d78947c': 'V1', '62f66112-9bb0-4b44-a5df-1308e988dd41': 'V4', 'd4d5768a-e227-49e8-9d4b-9f13ca4a1b2c': 'V6'}">backend/tests/test_iter69_sizes_race.py:76: in test_concurrent_puts_persist_all_values
    assert not missing, (
E   AssertionError: Race condition confirmed: 3/8 size values dropped by concurrent PUT /api/team/sizes/value. Missing: {'2267d72a-352e-4822-97fe-16274d78947c': 'V1', '62f66112-9bb0-4b44-a5df-1308e988dd41': 'V4', 'd4d5768a-e227-49e8-9d4b-9f13ca4a1b2c': 'V6'}
E   assert not {'2267d72a-352e-4822-97fe-16274d78947c': 'V1', '62f66112-9bb0-4b44-a5df-1308e988dd41': 'V4', 'd4d5768a-e227-49e8-9d4b-9f13ca4a1b2c': 'V6'}</failure></testcase><testcase classname="backend.tests.test_iter69_sizes_race.TestPublicRosterShareWithSizes" name="test_public_page_and_submit_saves_sizes" time="0.750" /><testcase classname="backend.tests.test_iter69_sizes_race.TestAttendancePatch" name="test_patch_title_updates" time="0.475" /></testsuite></testsuites>