<?xml version="1.0" encoding="utf-8"?><testsuites name="pytest tests"><testsuite name="pytest" errors="0" failures="0" skipped="0" tests="27" time="6.404" timestamp="2026-07-21T19:53:37.817268+00:00" hostname="agent-env-b7aaa67e-127b-469d-83ba-e1e9897c3d64"><testcase classname="backend.tests.test_iter63_spreadsheet_import" name="test_template_csv[roster]" time="0.739" /><testcase classname="backend.tests.test_iter63_spreadsheet_import" name="test_template_csv[team_sizes]" time="0.107" /><testcase classname="backend.tests.test_iter63_spreadsheet_import" name="test_template_csv[team_paperwork]" time="0.157" /><testcase classname="backend.tests.test_iter63_spreadsheet_import" name="test_template_csv[team_payments]" time="0.129" /><testcase classname="backend.tests.test_iter63_spreadsheet_import" name="test_template_xlsx[roster]" time="0.122" /><testcase classname="backend.tests.test_iter63_spreadsheet_import" name="test_template_xlsx[team_sizes]" time="0.131" /><testcase classname="backend.tests.test_iter63_spreadsheet_import" name="test_template_xlsx[team_paperwork]" time="0.112" /><testcase classname="backend.tests.test_iter63_spreadsheet_import" name="test_template_xlsx[team_payments]" time="0.113" /><testcase classname="backend.tests.test_iter63_spreadsheet_import" name="test_template_non_team_still_works" time="0.125" /><testcase classname="backend.tests.test_iter63_spreadsheet_import" name="test_preview_403_without_team_access[roster]" time="0.570" /><testcase classname="backend.tests.test_iter63_spreadsheet_import" name="test_preview_403_without_team_access[team_sizes]" time="0.133" /><testcase classname="backend.tests.test_iter63_spreadsheet_import" name="test_preview_403_without_team_access[team_paperwork]" time="0.112" /><testcase classname="backend.tests.test_iter63_spreadsheet_import" name="test_preview_403_without_team_access[team_payments]" time="0.105" /><testcase classname="backend.tests.test_iter63_spreadsheet_import" name="test_commit_403_without_team_access[roster]" time="0.119" /><testcase classname="backend.tests.test_iter63_spreadsheet_import" name="test_commit_403_without_team_access[team_sizes]" time="0.118" /><testcase classname="backend.tests.test_iter63_spreadsheet_import" name="test_commit_403_without_team_access[team_paperwork]" time="0.106" /><testcase classname="backend.tests.test_iter63_spreadsheet_import" name="test_commit_403_without_team_access[team_payments]" time="0.101" /><testcase classname="backend.tests.test_iter63_spreadsheet_import" name="test_expenses_still_works_without_team_access" time="0.112" /><testcase classname="backend.tests.test_iter63_spreadsheet_import" name="test_preview_roster" time="0.107" /><testcase classname="backend.tests.test_iter63_spreadsheet_import" name="test_preview_team_sizes" time="0.127" /><testcase classname="backend.tests.test_iter63_spreadsheet_import" name="test_preview_team_paperwork" time="0.129" /><testcase classname="backend.tests.test_iter63_spreadsheet_import" name="test_preview_team_payments" time="0.127" /><testcase classname="backend.tests.test_iter63_spreadsheet_import" name="test_roster_commit_create_and_update_by_name" time="0.499" /><testcase classname="backend.tests.test_iter63_spreadsheet_import" name="test_team_sizes_commit_adds_columns_and_values" time="0.330" /><testcase classname="backend.tests.test_iter63_spreadsheet_import" name="test_team_paperwork_commit_creates_sheet" time="0.269" /><testcase classname="backend.tests.test_iter63_spreadsheet_import" name="test_team_payments_commit_creates_tracker" time="0.233" /><testcase classname="backend.tests.test_iter63_spreadsheet_import" name="test_zz_cleanup" time="1.268" /></testsuite></testsuites>