<?xml version="1.0" encoding="utf-8"?><testsuites name="pytest tests"><testsuite name="pytest" errors="0" failures="0" skipped="0" tests="10" time="3.382" timestamp="2026-08-04T18:07:55.767181+00:00" hostname="agent-env-b7aaa67e-127b-469d-83ba-e1e9897c3d64"><testcase classname="backend.tests.test_iter86_team_forms.TestFormsCRUD" name="test_form_appears_in_list" time="0.699" /><testcase classname="backend.tests.test_iter86_team_forms.TestFormsCRUD" name="test_add_questions_all_types" time="0.087" /><testcase classname="backend.tests.test_iter86_team_forms.TestFormsCRUD" name="test_get_form_returns_detail" time="0.085" /><testcase classname="backend.tests.test_iter86_team_forms.TestResponsesAndTally" name="test_coach_upsert_and_tally" time="0.644" /><testcase classname="backend.tests.test_iter86_team_forms.TestShare" name="test_share_create_and_public_data" time="0.279" /><testcase classname="backend.tests.test_iter86_team_forms.TestShare" name="test_public_page_renders" time="0.166" /><testcase classname="backend.tests.test_iter86_team_forms.TestShare" name="test_public_submit_updates_response" time="0.429" /><testcase classname="backend.tests.test_iter86_team_forms.TestLock" name="test_lock_blocks_public_submit" time="0.636" /><testcase classname="backend.tests.test_iter86_team_forms.TestRemind" name="test_remind_endpoint_responds" time="0.089" /><testcase classname="backend.tests.test_iter86_team_forms.TestRoadmap" name="test_custom_team_forms_planned_in_development" time="0.170" /></testsuite></testsuites>