<?xml version="1.0" encoding="utf-8"?><testsuites name="pytest tests"><testsuite name="pytest" errors="0" failures="0" skipped="0" tests="10" time="4.211" timestamp="2026-06-05T00:10:38.012254+00:00" hostname="agent-env-776ba8fc-fc69-4cf1-aa74-fa7efdaca6ab"><testcase classname="backend.tests.test_schedule_recurrence.TestScheduleSingleAndList" name="test_create_single_event_returns_list_of_one" time="0.827" /><testcase classname="backend.tests.test_schedule_recurrence.TestScheduleWeeklyRecurrence" name="test_weekly_tuesday_until_three_weeks" time="0.458" /><testcase classname="backend.tests.test_schedule_recurrence.TestScheduleBiweekly" name="test_biweekly_skips_alternating_weeks" time="0.216" /><testcase classname="backend.tests.test_schedule_recurrence.TestScheduleDaily" name="test_daily_inclusive" time="0.224" /><testcase classname="backend.tests.test_schedule_recurrence.TestScheduleMonthly" name="test_monthly_same_day_of_month" time="0.307" /><testcase classname="backend.tests.test_schedule_recurrence.TestPatchSingleVsSeries" name="test_patch_single_does_not_affect_siblings" time="0.473" /><testcase classname="backend.tests.test_schedule_recurrence.TestPatchSingleVsSeries" name="test_patch_series_updates_all_but_keeps_dates" time="0.419" /><testcase classname="backend.tests.test_schedule_recurrence.TestDeleteSingleVsSeries" name="test_delete_single_removes_only_one" time="0.492" /><testcase classname="backend.tests.test_schedule_recurrence.TestDeleteSingleVsSeries" name="test_delete_series_removes_all" time="0.322" /><testcase classname="backend.tests.test_schedule_recurrence.TestCalendarShowsRecurringEvents" name="test_calendar_lists_each_recurring_occurrence" time="0.325" /></testsuite></testsuites>