<?xml version="1.0" encoding="utf-8"?><testsuites name="pytest tests"><testsuite name="pytest" errors="0" failures="0" skipped="0" tests="19" time="4.162" timestamp="2026-08-04T13:31:55.528461+00:00" hostname="agent-env-b7aaa67e-127b-469d-83ba-e1e9897c3d64"><testcase classname="backend.tests.test_iter82_broadcast_and_blocks.TestBroadcastDryRun" name="test_mode_all_counts_and_greeting" time="0.546" /><testcase classname="backend.tests.test_iter82_broadcast_and_blocks.TestBroadcastDryRun" name="test_mode_members_filter" time="0.148" /><testcase classname="backend.tests.test_iter82_broadcast_and_blocks.TestBroadcastDryRun" name="test_mode_members_dedupe_and_no_phone" time="0.125" /><testcase classname="backend.tests.test_iter82_broadcast_and_blocks.TestBroadcastDryRun" name="test_mode_team_with_no_team_matches_returns_zero" time="0.126" /><testcase classname="backend.tests.test_iter82_broadcast_and_blocks.TestBroadcastDryRun" name="test_links_appended" time="0.127" /><testcase classname="backend.tests.test_iter82_broadcast_and_blocks.TestBroadcastDryRun" name="test_music_link_appended" time="0.119" /><testcase classname="backend.tests.test_iter82_broadcast_and_blocks.TestBroadcastDryRun" name="test_empty_message_and_no_extras_400s" time="0.131" /><testcase classname="backend.tests.test_iter82_broadcast_and_blocks.TestBroadcastDryRun" name="test_base_url_required_https" time="0.126" /><testcase classname="backend.tests.test_iter82_broadcast_and_blocks.TestAttachmentsAndPublic" name="test_upload_attachment" time="0.125" /><testcase classname="backend.tests.test_iter82_broadcast_and_blocks.TestAttachmentsAndPublic" name="test_public_media_html" time="0.120" /><testcase classname="backend.tests.test_iter82_broadcast_and_blocks.TestAttachmentsAndPublic" name="test_public_media_raw" time="0.124" /><testcase classname="backend.tests.test_iter82_broadcast_and_blocks.TestAttachmentsAndPublic" name="test_public_media_raw_range_206" time="0.150" /><testcase classname="backend.tests.test_iter82_broadcast_and_blocks.TestAttachmentsAndPublic" name="test_attachment_appears_in_broadcast_trailer" time="0.128" /><testcase classname="backend.tests.test_iter82_broadcast_and_blocks.TestAttachmentsAndPublic" name="test_bad_base64_400s" time="0.113" /><testcase classname="backend.tests.test_iter82_broadcast_and_blocks.TestMusicPublicLink" name="test_music_public_page_and_range" time="0.377" /><testcase classname="backend.tests.test_iter82_broadcast_and_blocks.TestBlocks" name="test_get_blocks_owner_solo_household" time="0.123" /><testcase classname="backend.tests.test_iter82_broadcast_and_blocks.TestBlocks" name="test_put_block_rejects_non_member" time="0.142" /><testcase classname="backend.tests.test_iter82_broadcast_and_blocks.TestBlocks" name="test_put_block_self_persist_and_clear" time="0.729" /><testcase classname="backend.tests.test_iter82_broadcast_and_blocks.TestBlocks" name="test_all_resource_kinds_contract" time="0.513" /></testsuite></testsuites>