<?xml version="1.0" encoding="utf-8"?><testsuites name="pytest tests"><testsuite name="pytest" errors="0" failures="0" skipped="0" tests="32" time="4.582" timestamp="2026-08-03T17:16:13.491525+00:00" hostname="agent-env-b7aaa67e-127b-469d-83ba-e1e9897c3d64"><testcase classname="backend.tests.test_iter76_seasons_and_remind_claimed.TestSeasonsCRUD" name="test_1_create_season_a" time="0.768" /><testcase classname="backend.tests.test_iter76_seasons_and_remind_claimed.TestSeasonsCRUD" name="test_2_create_season_b" time="0.062" /><testcase classname="backend.tests.test_iter76_seasons_and_remind_claimed.TestSeasonsCRUD" name="test_3_only_one_active" time="0.067" /><testcase classname="backend.tests.test_iter76_seasons_and_remind_claimed.TestSeasonsCRUD" name="test_4_activate_endpoint" time="0.130" /><testcase classname="backend.tests.test_iter76_seasons_and_remind_claimed.TestSeasonsCRUD" name="test_5_patch_season" time="0.064" /><testcase classname="backend.tests.test_iter76_seasons_and_remind_claimed.TestSeasonsCRUD" name="test_6_patch_blank_name_rejected" time="0.059" /><testcase classname="backend.tests.test_iter76_seasons_and_remind_claimed.TestSeasonsCRUD" name="test_7_patch_empty_body_rejected" time="0.060" /><testcase classname="backend.tests.test_iter76_seasons_and_remind_claimed.TestSeasonsCRUD" name="test_8_create_blank_name_rejected" time="0.057" /><testcase classname="backend.tests.test_iter76_seasons_and_remind_claimed.TestSeasonsRolloverAndFilter" name="test_1_seed_athlete_in_s1" time="0.059" /><testcase classname="backend.tests.test_iter76_seasons_and_remind_claimed.TestSeasonsRolloverAndFilter" name="test_2_seed_unassigned_athlete" time="0.064" /><testcase classname="backend.tests.test_iter76_seasons_and_remind_claimed.TestSeasonsRolloverAndFilter" name="test_3_filter_by_s1_includes_unassigned" time="0.058" /><testcase classname="backend.tests.test_iter76_seasons_and_remind_claimed.TestSeasonsRolloverAndFilter" name="test_4_filter_by_s2_excludes_s1_only" time="0.060" /><testcase classname="backend.tests.test_iter76_seasons_and_remind_claimed.TestSeasonsRolloverAndFilter" name="test_5_rollover_s1_into_s2" time="0.063" /><testcase classname="backend.tests.test_iter76_seasons_and_remind_claimed.TestSeasonsRolloverAndFilter" name="test_6_after_rollover_athlete_in_both" time="0.074" /><testcase classname="backend.tests.test_iter76_seasons_and_remind_claimed.TestSeasonsRolloverAndFilter" name="test_7_rollover_same_season_rejected" time="0.065" /><testcase classname="backend.tests.test_iter76_seasons_and_remind_claimed.TestScopedEdit" name="test_1_ensure_active_is_s2" time="0.064" /><testcase classname="backend.tests.test_iter76_seasons_and_remind_claimed.TestScopedEdit" name="test_2_edit_scope_this_forks" time="0.124" /><testcase classname="backend.tests.test_iter76_seasons_and_remind_claimed.TestScopedEdit" name="test_3_edit_scope_all_updates_in_place" time="0.063" /><testcase classname="backend.tests.test_iter76_seasons_and_remind_claimed.TestSeasonsDelete" name="test_1_delete_active_promotes_another" time="0.192" /><testcase classname="backend.tests.test_iter76_seasons_and_remind_claimed.TestSeasonsDelete" name="test_2_delete_s1_cleanup" time="0.066" /><testcase classname="backend.tests.test_iter76_seasons_and_remind_claimed.TestSeasonsDelete" name="test_3_delete_404" time="0.061" /><testcase classname="backend.tests.test_iter76_seasons_and_remind_claimed.TestRemindClaimed" name="test_1_ensure_premium" time="0.245" /><testcase classname="backend.tests.test_iter76_seasons_and_remind_claimed.TestRemindClaimed" name="test_2_create_signup_and_slot" time="0.134" /><testcase classname="backend.tests.test_iter76_seasons_and_remind_claimed.TestRemindClaimed" name="test_3_create_roster_and_claim" time="0.134" /><testcase classname="backend.tests.test_iter76_seasons_and_remind_claimed.TestRemindClaimed" name="test_4_remind_claimed" time="0.548" /><testcase classname="backend.tests.test_iter76_seasons_and_remind_claimed.TestRemindClaimed" name="test_5_original_remind_still_works" time="0.310" /><testcase classname="backend.tests.test_iter76_seasons_and_remind_claimed.TestRemindClaimed" name="test_6_cleanup" time="0.197" /><testcase classname="backend.tests.test_iter76_seasons_and_remind_claimed.TestRegressionListing" name="test_1_athletes_no_filter" time="0.067" /><testcase classname="backend.tests.test_iter76_seasons_and_remind_claimed.TestRegressionListing" name="test_2_competitions_no_filter" time="0.062" /><testcase classname="backend.tests.test_iter76_seasons_and_remind_claimed.TestRegressionListing" name="test_3_teams_no_filter" time="0.065" /><testcase classname="backend.tests.test_iter76_seasons_and_remind_claimed.TestRegressionListing" name="test_4_schedule_no_filter" time="0.062" /><testcase classname="backend.tests.test_iter76_seasons_and_remind_claimed" name="test_zz_final_cleanup" time="0.247" /></testsuite></testsuites>