<?xml version="1.0" encoding="utf-8"?><testsuites name="pytest tests"><testsuite name="pytest" errors="0" failures="0" skipped="0" tests="8" time="6.527" timestamp="2026-08-03T20:19:28.758490+00:00" hostname="agent-env-b7aaa67e-127b-469d-83ba-e1e9897c3d64"><testcase classname="backend.tests.test_iter78_music_and_seasons_scope.TestTeamMusic" name="test_full_upload_flow_and_stream" time="1.499" /><testcase classname="backend.tests.test_iter78_music_and_seasons_scope.TestTeamMusic" name="test_finish_rejects_over_15mb" time="2.563" /><testcase classname="backend.tests.test_iter78_music_and_seasons_scope.TestTeamMusic" name="test_chunk_upload_not_found" time="0.081" /><testcase classname="backend.tests.test_iter78_music_and_seasons_scope.TestSeasonsScopedEdits" name="test_athlete_scope_this_forks" time="0.669" /><testcase classname="backend.tests.test_iter78_music_and_seasons_scope.TestSeasonsScopedEdits" name="test_athlete_season_ids_no_scope_updates_in_place" time="0.301" /><testcase classname="backend.tests.test_iter78_music_and_seasons_scope.TestSeasonsScopedEdits" name="test_competition_scope_this_forks" time="0.541" /><testcase classname="backend.tests.test_iter78_music_and_seasons_scope.TestSeasonsScopedEdits" name="test_team_scope_this_forks" time="0.371" /><testcase classname="backend.tests.test_iter78_music_and_seasons_scope.TestSeasonsScopedEdits" name="test_schedule_patch_season_ids" time="0.438" /></testsuite></testsuites>