<?xml version="1.0" encoding="utf-8"?><testsuites name="pytest tests"><testsuite name="pytest" errors="0" failures="0" skipped="0" tests="4" time="2.684" timestamp="2026-07-22T22:13:36.320789+00:00" hostname="agent-env-b7aaa67e-127b-469d-83ba-e1e9897c3d64"><testcase classname="backend.tests.test_iter65_features.TestPaymentExclude" name="test_exclude_flow" time="1.357" /><testcase classname="backend.tests.test_iter65_features.TestRosterBulkDelete" name="test_bulk_delete" time="0.650" /><testcase classname="backend.tests.test_iter65_features.TestScheduleScope" name="test_scope_future" time="0.499" /><testcase classname="backend.tests.test_iter65_features.TestFinalTeamAccess" name="test_team_access_still_true" time="0.109" /></testsuite></testsuites>