<?xml version="1.0" encoding="utf-8"?><testsuites name="pytest tests"><testsuite name="pytest" errors="0" failures="0" skipped="0" tests="3" time="2.149" timestamp="2026-08-18T23:19:18.463192+00:00" hostname="agent-env-b7aaa67e-127b-469d-83ba-e1e9897c3d64"><testcase classname="tests.test_team_members_flow_ext" name="test_rotate_invalidates_old_code_and_duplicate_join_is_idempotent" time="0.832" /><testcase classname="tests.test_team_members_flow_ext" name="test_coach_gets_access_and_remove_revokes_it" time="0.799" /><testcase classname="tests.test_team_members_flow_ext" name="test_bad_code_and_empty_code_rejected" time="0.383" /></testsuite></testsuites>