<?xml version="1.0" encoding="utf-8"?><testsuites name="pytest tests"><testsuite name="pytest" errors="0" failures="0" skipped="0" tests="8" time="7.617" timestamp="2026-09-09T06:34:30.305621+00:00" hostname="agent-env-b7aaa67e-127b-469d-83ba-e1e9897c3d64"><testcase classname="backend.tests.test_iter119_consolidate_existing_roster" name="test_coach_consolidates_into_existing_roster" time="2.134" /><testcase classname="backend.tests.test_iter119_consolidate_existing_roster" name="test_staff_consolidates_into_existing_roster" time="0.814" /><testcase classname="backend.tests.test_iter119_consolidate_existing_roster" name="test_athlete_consolidates_into_existing_roster" time="0.846" /><testcase classname="backend.tests.test_iter119_consolidate_existing_roster" name="test_coach_without_link_creates_new_roster" time="0.808" /><testcase classname="backend.tests.test_iter119_consolidate_existing_roster" name="test_staff_without_link_creates_new_roster" time="0.874" /><testcase classname="backend.tests.test_iter119_consolidate_existing_roster" name="test_members_athletes_endpoint_returns_all_roles" time="0.140" /><testcase classname="backend.tests.test_iter119_consolidate_existing_roster" name="test_full_join_then_consolidate_flow" time="1.050" /><testcase classname="backend.tests.test_iter119_consolidate_existing_roster" name="test_assign_with_unknown_roster_id_returns_404" time="0.820" /></testsuite></testsuites>