<?xml version="1.0" encoding="utf-8"?><testsuites name="pytest tests"><testsuite name="pytest" errors="0" failures="0" skipped="0" tests="6" time="2.665" timestamp="2026-07-18T00:37:02.144521+00:00" hostname="agent-env-b7aaa67e-127b-469d-83ba-e1e9897c3d64"><testcase classname="backend.tests.test_roster_iter54.TestRosterCRUD" name="test_list_initial" time="0.614" /><testcase classname="backend.tests.test_roster_iter54.TestRosterCRUD" name="test_create_blank_name_400" time="0.099" /><testcase classname="backend.tests.test_roster_iter54.TestRosterCRUD" name="test_create_invalid_role_422" time="0.160" /><testcase classname="backend.tests.test_roster_iter54.TestRosterCRUD" name="test_full_crud" time="0.640" /><testcase classname="backend.tests.test_roster_iter54.TestRosterImport" name="test_import_candidates_shape" time="0.163" /><testcase classname="backend.tests.test_roster_iter54.TestRosterImport" name="test_import_then_dedupe" time="0.910" /></testsuite></testsuites>