<?xml version="1.0" encoding="utf-8"?><testsuites name="pytest tests"><testsuite name="pytest" errors="0" failures="0" skipped="0" tests="7" time="77.237" timestamp="2026-08-31T20:02:41.246427+00:00" hostname="agent-env-b7aaa67e-127b-469d-83ba-e1e9897c3d64"><testcase classname="backend.tests.test_iter109_auto_seed_and_import.TestAutoSeed" name="test_skills_endpoint_returns_216_and_is_idempotent" time="1.319" /><testcase classname="backend.tests.test_iter109_auto_seed_and_import.TestAutoSeed" name="test_overview_triggers_seed_and_is_idempotent" time="0.387" /><testcase classname="backend.tests.test_iter109_auto_seed_and_import.TestAutoSeed" name="test_report_endpoint_triggers_seed_and_is_idempotent" time="0.628" /><testcase classname="backend.tests.test_iter109_auto_seed_and_import.TestWeekdayExpansion" name="test_weekly_monday_expands_to_mondays" time="0.389" /><testcase classname="backend.tests.test_iter109_auto_seed_and_import.TestPersonalImport" name="test_single_recurring_import_creates_series_and_dedupes" time="0.757" /><testcase classname="backend.tests.test_iter109_auto_seed_and_import.TestPersonalImport" name="test_recurrence_mapping_daily_biweekly_monthly_single" time="1.685" /><testcase classname="backend.tests.test_iter109_auto_seed_and_import.TestPersonalImport" name="test_import_all_and_reimport_all_skipped" time="71.986" /></testsuite></testsuites>