<?xml version="1.0" encoding="utf-8"?><testsuites name="pytest tests"><testsuite name="pytest" errors="0" failures="0" skipped="0" tests="9" time="17.551" timestamp="2026-09-01T22:56:59.776024+00:00" hostname="agent-env-b7aaa67e-127b-469d-83ba-e1e9897c3d64"><testcase classname="backend.tests.test_ai_designer.TestAccessControl" name="test_non_staff_generate_forbidden" time="0.687" /><testcase classname="backend.tests.test_ai_designer.TestAccessControl" name="test_non_staff_list_forbidden" time="0.184" /><testcase classname="backend.tests.test_ai_designer.TestAccessControl" name="test_unauth_generate_401" time="0.160" /><testcase classname="backend.tests.test_ai_designer.TestValidation" name="test_empty_prompt_400" time="0.496" /><testcase classname="backend.tests.test_ai_designer.TestValidation" name="test_save_empty_400" time="0.113" /><testcase classname="backend.tests.test_ai_designer.TestDesignFlow" name="test_generate_returns_base64" time="13.981" /><testcase classname="backend.tests.test_ai_designer.TestDesignFlow" name="test_save_and_list" time="0.922" /><testcase classname="backend.tests.test_ai_designer.TestDesignFlow" name="test_get_returns_image" time="0.611" /><testcase classname="backend.tests.test_ai_designer.TestDesignFlow" name="test_delete_then_404" time="0.321" /></testsuite></testsuites>