<?xml version="1.0" encoding="utf-8"?><testsuites name="pytest tests"><testsuite name="pytest" errors="0" failures="0" skipped="0" tests="17" time="5.582" timestamp="2026-06-12T22:08:59.722449+00:00" hostname="agent-env-776ba8fc-fc69-4cf1-aa74-fa7efdaca6ab"><testcase classname="backend.tests.test_packing_lists.TestSeedDefault" name="test_seed_default_creates_cheerplanner_standard" time="0.713" /><testcase classname="backend.tests.test_packing_lists.TestSeedDefault" name="test_seed_default_is_idempotent" time="0.150" /><testcase classname="backend.tests.test_packing_lists.TestTemplateCRUD" name="test_create_custom_template" time="0.161" /><testcase classname="backend.tests.test_packing_lists.TestTemplateCRUD" name="test_list_templates_default_first" time="0.129" /><testcase classname="backend.tests.test_packing_lists.TestTemplateCRUD" name="test_patch_template_updates_name_items_tips" time="0.207" /><testcase classname="backend.tests.test_packing_lists.TestTemplateCRUD" name="test_delete_template" time="0.304" /><testcase classname="backend.tests.test_packing_lists.TestPackingListHydration" name="test_get_returns_null_when_no_list" time="0.204" /><testcase classname="backend.tests.test_packing_lists.TestPackingListHydration" name="test_post_with_template_hydrates_items_and_tips" time="0.205" /><testcase classname="backend.tests.test_packing_lists.TestPackingListHydration" name="test_post_with_no_template_id_defaults_items_to_empty" time="0.256" /><testcase classname="backend.tests.test_packing_lists.TestPackingListHydration" name="test_get_returns_persisted_list" time="0.131" /><testcase classname="backend.tests.test_packing_lists.TestPackingListPatch" name="test_patch_updates_items_and_toggles_checked_by" time="0.381" /><testcase classname="backend.tests.test_packing_lists.TestPackingListPatch" name="test_patch_save_as_template_creates_snapshot" time="0.240" /><testcase classname="backend.tests.test_packing_lists.TestPackingListDelete" name="test_delete_packing_list" time="0.429" /><testcase classname="backend.tests.test_packing_lists.TestRemindersPacking" name="test_reminders_include_packing_when_unchecked_within_7_days" time="0.118" /><testcase classname="backend.tests.test_packing_lists.TestRemindersPacking" name="test_reminders_skip_packing_when_all_checked" time="0.339" /><testcase classname="backend.tests.test_packing_lists.TestHouseholdSharing" name="test_two_users_share_template_and_list" time="0.932" /><testcase classname="backend.tests.test_packing_lists.TestPerAthleteChecks" name="test_independent_check_states_per_athlete" time="0.521" /></testsuite></testsuites>