<?xml version="1.0" encoding="utf-8"?><testsuites name="pytest tests"><testsuite name="pytest" errors="0" failures="0" skipped="0" tests="11" time="67.408" timestamp="2026-07-25T20:44:48.304857+00:00" hostname="agent-env-b7aaa67e-127b-469d-83ba-e1e9897c3d64"><testcase classname="backend.tests.test_iter68_team_hub_features.TestTodos" name="test_team_scope_create_toggle_delete_and_sort" time="2.025" /><testcase classname="backend.tests.test_iter68_team_hub_features.TestTodos" name="test_competition_scope" time="0.321" /><testcase classname="backend.tests.test_iter68_team_hub_features.TestTodos" name="test_event_scope" time="0.192" /><testcase classname="backend.tests.test_iter68_team_hub_features.TestTodos" name="test_blank_text_rejected" time="0.093" /><testcase classname="backend.tests.test_iter68_team_hub_features.TestSignupReorder" name="test_reorder_persists_and_new_floats_top" time="0.504" /><testcase classname="backend.tests.test_iter68_team_hub_features.TestAttendance" name="test_full_session_lifecycle" time="1.533" /><testcase classname="backend.tests.test_iter68_team_hub_features.TestEventSignupLink" name="test_event_id_filter_and_persistence" time="0.302" /><testcase classname="backend.tests.test_iter68_team_hub_features.TestRosterExpanded" name="test_expanded_fields_persist_on_create_and_edit" time="0.353" /><testcase classname="backend.tests.test_iter68_team_hub_features.TestRosterExpanded" name="test_custom_columns_crud_and_values" time="47.470" /><testcase classname="backend.tests.test_iter68_team_hub_features.TestBlocks" name="test_solo_owner_get_blocks_returns_empty_members" time="7.432" /><testcase classname="backend.tests.test_iter68_team_hub_features.TestBlocks" name="test_block_toggle_rejects_non_household_member" time="7.070" /></testsuite></testsuites>