<?xml version="1.0" encoding="utf-8"?><testsuites name="pytest tests"><testsuite name="pytest" errors="0" failures="0" skipped="0" tests="30" time="12.349" timestamp="2026-07-28T18:03:46.965873+00:00" hostname="agent-env-b7aaa67e-127b-469d-83ba-e1e9897c3d64"><testcase classname="backend.tests.test_iter73_premium_gating.TestEntitlements" name="test_config_shape" time="0.712" /><testcase classname="backend.tests.test_iter73_premium_gating.TestEntitlements" name="test_me_free_default" time="0.538" /><testcase classname="backend.tests.test_iter73_premium_gating.TestEntitlements" name="test_me_premium_review" time="0.114" /><testcase classname="backend.tests.test_iter73_premium_gating.TestEntitlements" name="test_premium_status_endpoint" time="0.275" /><testcase classname="backend.tests.test_iter73_premium_gating.TestAdmin" name="test_non_admin_403" time="0.111" /><testcase classname="backend.tests.test_iter73_premium_gating.TestAdmin" name="test_admin_200" time="0.449" /><testcase classname="backend.tests.test_iter73_premium_gating.TestAdmin" name="test_generate_and_list_codes_no_hash_leak" time="0.267" /><testcase classname="backend.tests.test_iter73_premium_gating.TestAdmin" name="test_disable_prevents_redeem" time="0.737" /><testcase classname="backend.tests.test_iter73_premium_gating.TestAdmin" name="test_self_premium_toggle" time="0.463" /><testcase classname="backend.tests.test_iter73_premium_gating.TestAdmin" name="test_lifetime_grant_and_revoke" time="0.995" /><testcase classname="backend.tests.test_iter73_premium_gating.TestRedeem" name="test_invalid_400" time="0.147" /><testcase classname="backend.tests.test_iter73_premium_gating.TestRedeem" name="test_valid_then_re_redeem" time="0.866" /><testcase classname="backend.tests.test_iter73_premium_gating.TestRedeem" name="test_rate_limit_5_per_min" time="1.190" /><testcase classname="backend.tests.test_iter73_premium_gating.TestFreeGating" name="test_sizes_column_gated" time="0.126" /><testcase classname="backend.tests.test_iter73_premium_gating.TestFreeGating" name="test_sizes_value_gated" time="0.125" /><testcase classname="backend.tests.test_iter73_premium_gating.TestFreeGating" name="test_paperwork_create_gated" time="0.123" /><testcase classname="backend.tests.test_iter73_premium_gating.TestFreeGating" name="test_team_payment_create_gated" time="0.396" /><testcase classname="backend.tests.test_iter73_premium_gating.TestFreeGating" name="test_share_link_gated" time="0.125" /><testcase classname="backend.tests.test_iter73_premium_gating.TestFreeGating" name="test_roster_custom_col_gated" time="0.142" /><testcase classname="backend.tests.test_iter73_premium_gating.TestFreeGating" name="test_second_signup_and_attendance_gated" time="0.518" /><testcase classname="backend.tests.test_iter73_premium_gating.TestFreeGating" name="test_personnel_and_athlete_count_caps" time="1.098" /><testcase classname="backend.tests.test_iter73_premium_gating.TestFreeGating" name="test_spreadsheet_import_gated" time="0.127" /><testcase classname="backend.tests.test_iter73_premium_gating.TestPremiumOpen" name="test_premium_sizes_column" time="0.222" /><testcase classname="backend.tests.test_iter73_premium_gating.TestPremiumOpen" name="test_premium_paperwork_create" time="0.242" /><testcase classname="backend.tests.test_iter73_premium_gating.TestPremiumOpen" name="test_premium_payments_create" time="0.240" /><testcase classname="backend.tests.test_iter73_premium_gating.TestPremiumOpen" name="test_premium_share_link" time="0.288" /><testcase classname="backend.tests.test_iter73_premium_gating.TestRegression" name="test_apple_review_lifetime_intact" time="0.134" /><testcase classname="backend.tests.test_iter73_premium_gating.TestRegression" name="test_team_access_get" time="0.118" /><testcase classname="backend.tests.test_iter73_premium_gating.TestRegression" name="test_roster_and_sizes_read" time="0.645" /><testcase classname="backend.tests.test_iter73_premium_gating.TestDecoupling" name="test_team_hub_invite_no_household_seat" time="0.629" /></testsuite></testsuites>