<?xml version="1.0" encoding="utf-8"?><testsuites name="pytest tests"><testsuite name="pytest" errors="0" failures="0" skipped="0" tests="13" time="72.467" timestamp="2026-06-03T23:09:00.128624+00:00" hostname="agent-env-776ba8fc-fc69-4cf1-aa74-fa7efdaca6ab"><testcase classname="backend.tests.test_calendar_and_bulk_alloc.TestCalendarEmpty" name="test_empty_user_returns_empty_items" time="0.568" /><testcase classname="backend.tests.test_calendar_and_bulk_alloc.TestCalendarExpenseDue" name="test_single_expense_due_in_range" time="0.425" /><testcase classname="backend.tests.test_calendar_and_bulk_alloc.TestCalendarExpenseDue" name="test_out_of_range_excluded" time="0.418" /><testcase classname="backend.tests.test_calendar_and_bulk_alloc.TestCalendarExpenseDue" name="test_paid_expense_excluded" time="0.466" /><testcase classname="backend.tests.test_calendar_and_bulk_alloc.TestCalendarCompetition" name="test_competition_with_end_date_emits_two_items" time="0.371" /><testcase classname="backend.tests.test_calendar_and_bulk_alloc.TestCalendarBookings" name="test_hotel_booking_emits_checkin_checkout" time="0.420" /><testcase classname="backend.tests.test_calendar_and_bulk_alloc.TestCalendarBookings" name="test_flight_booking_emits_depart_return" time="0.474" /><testcase classname="backend.tests.test_calendar_and_bulk_alloc.TestCalendarFundraiser" name="test_fundraiser_emits_item" time="0.412" /><testcase classname="backend.tests.test_calendar_and_bulk_alloc.TestCalendarSorting" name="test_mixed_items_sorted_by_date_asc" time="0.559" /><testcase classname="backend.tests.test_calendar_and_bulk_alloc.TestBulkPaymentAutoAlloc" name="test_one_athlete_two_open_expenses_partial" time="0.534" /><testcase classname="backend.tests.test_calendar_and_bulk_alloc.TestBulkPaymentAutoAlloc" name="test_two_athletes_each_one_open_50_bulk_100_equal" time="66.972" /><testcase classname="backend.tests.test_calendar_and_bulk_alloc.TestBulkPaymentAutoAlloc" name="test_athlete_no_open_expenses_creates_payment_empty_applied" time="0.375" /><testcase classname="backend.tests.test_calendar_and_bulk_alloc.TestSinglePaymentRegression" name="test_single_payment_still_works" time="0.373" /></testsuite></testsuites>