<?xml version="1.0" encoding="utf-8"?><testsuites name="pytest tests"><testsuite name="pytest" errors="0" failures="0" skipped="0" tests="7" time="3.200" timestamp="2026-09-01T05:48:20.888961+00:00" hostname="agent-env-b7aaa67e-127b-469d-83ba-e1e9897c3d64"><testcase classname="tests.test_iter112_import_to_team_hub" name="test_importable_returns_structure" time="0.634" /><testcase classname="tests.test_iter112_import_to_team_hub" name="test_importable_forbidden_for_non_staff" time="0.484" /><testcase classname="tests.test_iter112_import_to_team_hub" name="test_import_single_and_idempotent" time="0.705" /><testcase classname="tests.test_iter112_import_to_team_hub" name="test_import_bulk_multiple_and_counts" time="0.976" /><testcase classname="tests.test_iter112_import_to_team_hub" name="test_import_bulk_skips_bad_ids" time="0.104" /><testcase classname="tests.test_iter112_import_to_team_hub" name="test_bulk_forbidden_for_viewer" time="0.119" /><testcase classname="tests.test_iter112_import_to_team_hub" name="test_single_forbidden_for_viewer" time="0.104" /></testsuite></testsuites>