<?xml version="1.0" encoding="utf-8"?><testsuites name="pytest tests"><testsuite name="pytest" errors="0" failures="0" skipped="0" tests="3" time="1.593" timestamp="2026-07-27T22:10:50.244011+00:00" hostname="agent-env-b7aaa67e-127b-469d-83ba-e1e9897c3d64"><testcase classname="backend.tests.test_v25_multi_filters_and_calendar_types.TestCalendarEventTypeField" name="test_schedule_items_include_event_type" time="0.793" /><testcase classname="backend.tests.test_v25_multi_filters_and_calendar_types.TestCalendarEventTypeField" name="test_non_schedule_items_do_not_require_event_type" time="0.115" /><testcase classname="backend.tests.test_v25_multi_filters_and_calendar_types.TestCustomEventTypeOnCalendar" name="test_custom_type_event_shows_with_color" time="0.620" /></testsuite></testsuites>