<?xml version="1.0" encoding="utf-8"?><testsuites name="pytest tests"><testsuite name="pytest" errors="0" failures="1" skipped="0" tests="7" time="5.821" timestamp="2026-06-14T16:13:20.862508+00:00" hostname="agent-env-776ba8fc-fc69-4cf1-aa74-fa7efdaca6ab"><testcase classname="backend.tests.test_account_deletion" name="test_root_alive" time="0.311" /><testcase classname="backend.tests.test_account_deletion.TestDeleteAuthGuards" name="test_delete_without_bearer_returns_401_or_403" time="0.139" /><testcase classname="backend.tests.test_account_deletion.TestDeleteAuthGuards" name="test_delete_with_bad_token_returns_401" time="0.094" /><testcase classname="backend.tests.test_account_deletion.TestDeleteAuthGuards" name="test_delete_with_wrong_password_returns_401" time="1.081" /><testcase classname="backend.tests.test_account_deletion.TestDeleteHappyPath" name="test_delete_returns_expected_shape_and_purges_owned_records" time="0.900"><failure message="assert 0 &gt;= 1">backend/tests/test_account_deletion.py:180: in test_delete_returns_expected_shape_and_purges_owned_records
    assert purged["household_invites"] &gt;= 1
E   assert 0 &gt;= 1</failure></testcase><testcase classname="backend.tests.test_account_deletion.TestSingleMemberHousehold" name="test_solo_household_doc_is_removed_on_account_delete" time="1.258" /><testcase classname="backend.tests.test_account_deletion.TestMultiMemberHousehold" name="test_codeleter_does_not_lose_data_and_household_persists" time="1.801" /></testsuite></testsuites>