<?xml version="1.0" encoding="utf-8"?><testsuites name="pytest tests"><testsuite name="pytest" errors="0" failures="0" skipped="0" tests="24" time="133.054" timestamp="2026-06-03T23:55:06.669634+00:00" hostname="agent-env-776ba8fc-fc69-4cf1-aa74-fa7efdaca6ab"><testcase classname="backend.tests.test_calendar_and_bulk_alloc.TestCalendarEmpty" name="test_empty_user_returns_empty_items" time="0.723" /><testcase classname="backend.tests.test_calendar_and_bulk_alloc.TestCalendarExpenseDue" name="test_single_expense_due_in_range" time="0.520" /><testcase classname="backend.tests.test_calendar_and_bulk_alloc.TestCalendarExpenseDue" name="test_out_of_range_excluded" time="0.469" /><testcase classname="backend.tests.test_calendar_and_bulk_alloc.TestCalendarExpenseDue" name="test_paid_expense_excluded" time="0.446" /><testcase classname="backend.tests.test_calendar_and_bulk_alloc.TestCalendarCompetition" name="test_competition_with_end_date_emits_two_items" time="0.382" /><testcase classname="backend.tests.test_calendar_and_bulk_alloc.TestCalendarBookings" name="test_hotel_booking_emits_checkin_checkout" time="0.446" /><testcase classname="backend.tests.test_calendar_and_bulk_alloc.TestCalendarBookings" name="test_flight_booking_emits_depart_return" time="0.447" /><testcase classname="backend.tests.test_calendar_and_bulk_alloc.TestCalendarFundraiser" name="test_fundraiser_emits_item" time="0.388" /><testcase classname="backend.tests.test_calendar_and_bulk_alloc.TestCalendarSorting" name="test_mixed_items_sorted_by_date_asc" time="0.555" /><testcase classname="backend.tests.test_calendar_and_bulk_alloc.TestBulkPaymentAutoAlloc" name="test_one_athlete_two_open_expenses_partial" time="0.539" /><testcase classname="backend.tests.test_calendar_and_bulk_alloc.TestBulkPaymentAutoAlloc" name="test_two_athletes_each_one_open_50_bulk_100_equal" time="56.097" /><testcase classname="backend.tests.test_calendar_and_bulk_alloc.TestBulkPaymentAutoAlloc" name="test_athlete_no_open_expenses_creates_payment_empty_applied" time="0.397" /><testcase classname="backend.tests.test_calendar_and_bulk_alloc.TestSinglePaymentRegression" name="test_single_payment_still_works" time="0.396" /><testcase classname="backend.tests.test_calendar_spans_and_avatar.TestCompetitionSpans" name="test_3_day_competition_emits_per_day" time="0.536" /><testcase classname="backend.tests.test_calendar_spans_and_avatar.TestCompetitionSpans" name="test_1_day_competition_title_equals_name" time="0.373" /><testcase classname="backend.tests.test_calendar_spans_and_avatar.TestHotelSpans" name="test_5_night_hotel_emits_6_items" time="0.419" /><testcase classname="backend.tests.test_calendar_spans_and_avatar.TestHotelSpans" name="test_single_night_hotel_emits_one_item" time="0.421" /><testcase classname="backend.tests.test_calendar_spans_and_avatar.TestFlightSpans" name="test_flight_with_both_legs_emits_travel_days" time="0.420" /><testcase classname="backend.tests.test_calendar_spans_and_avatar.TestFlightSpans" name="test_flight_only_outbound_no_travel_day" time="0.412" /><testcase classname="backend.tests.test_calendar_spans_and_avatar.TestCalendarOutOfRangeSpans" name="test_5_day_comp_partially_in_range" time="0.372" /><testcase classname="backend.tests.test_calendar_spans_and_avatar.TestCalendarSortingSpans" name="test_mixed_span_items_sorted_ascending" time="0.463" /><testcase classname="backend.tests.test_calendar_spans_and_avatar.TestAthleteAvatarImage" name="test_create_athlete_with_avatar_image_persists" time="0.364" /><testcase classname="backend.tests.test_calendar_spans_and_avatar.TestAthleteAvatarImage" name="test_patch_athlete_updates_avatar_image" time="0.540" /><testcase classname="backend.tests.test_calendar_spans_and_avatar.TestAthleteAvatarImage" name="test_patch_other_fields_preserves_avatar" time="66.822" /></testsuite></testsuites>