<?xml version="1.0" encoding="utf-8"?><testsuites name="pytest tests"><testsuite name="pytest" errors="0" failures="0" skipped="0" tests="5" time="2.335" timestamp="2026-08-04T18:38:33.648885+00:00" hostname="agent-env-b7aaa67e-127b-469d-83ba-e1e9897c3d64"><testcase classname="backend.tests.test_iter87_deadline_export.TestDeadlineAutoLock" name="test_future_deadline_stays_unlocked" time="0.825" /><testcase classname="backend.tests.test_iter87_deadline_export.TestDeadlineAutoLock" name="test_past_deadline_autolocks_on_get" time="0.169" /><testcase classname="backend.tests.test_iter87_deadline_export.TestPublicShareAutoLock" name="test_public_data_reports_locked_and_close_at" time="0.424" /><testcase classname="backend.tests.test_iter87_deadline_export.TestPublicShareAutoLock" name="test_public_submit_returns_400_when_locked" time="0.510" /><testcase classname="backend.tests.test_iter87_deadline_export.TestClearDeadline" name="test_clear_close_at" time="0.330" /></testsuite></testsuites>