<?xml version="1.0" encoding="utf-8"?><testsuites name="pytest tests"><testsuite name="pytest" errors="0" failures="0" skipped="0" tests="11" time="2.378" timestamp="2026-07-18T07:01:57.949238+00:00" hostname="agent-env-b7aaa67e-127b-469d-83ba-e1e9897c3d64"><testcase classname="tests.test_iter58_payment_model_collision_fix.TestPaymentsListRegression" name="test_get_payments_returns_200_not_500" time="0.458" /><testcase classname="tests.test_iter58_payment_model_collision_fix.TestPaymentsListRegression" name="test_get_expenses_ok" time="0.042" /><testcase classname="tests.test_iter58_payment_model_collision_fix.TestPaymentsListRegression" name="test_get_fundraisers_ok" time="0.084" /><testcase classname="tests.test_iter58_payment_model_collision_fix.TestPaymentsListRegression" name="test_get_athletes_ok" time="0.038" /><testcase classname="tests.test_iter58_payment_model_collision_fix.TestDashboardRegression" name="test_dashboard_shows_expense_payment_totals" time="0.081" /><testcase classname="tests.test_iter58_payment_model_collision_fix.TestPaymentApplication" name="test_create_payment_applies_to_expense_and_marks_paid" time="0.320" /><testcase classname="tests.test_iter58_payment_model_collision_fix.TestPaymentApplication" name="test_partial_payment_leaves_expense_unpaid" time="0.283" /><testcase classname="tests.test_iter58_payment_model_collision_fix.TestExpensesImport" name="test_long_form_import_attaches_category" time="0.334" /><testcase classname="tests.test_iter58_payment_model_collision_fix.TestExpensesImport" name="test_wide_form_import_attaches_category" time="0.288" /><testcase classname="tests.test_iter58_payment_model_collision_fix.TestTeamHubPaymentsRename" name="test_team_payments_list_ok" time="0.080" /><testcase classname="tests.test_iter58_payment_model_collision_fix.TestTeamHubPaymentsRename" name="test_team_payment_tracker_full_flow" time="0.279" /></testsuite></testsuites>