<?xml version="1.0" encoding="utf-8"?><testsuites name="pytest tests"><testsuite name="pytest" errors="0" failures="0" skipped="0" tests="6" time="4.316" timestamp="2026-08-14T16:37:37.701480+00:00" hostname="agent-env-b7aaa67e-127b-469d-83ba-e1e9897c3d64"><testcase classname="backend.tests.test_iter94_review_photos_and_near" name="test_submit_review_stores_up_to_three_photos" time="1.229" /><testcase classname="backend.tests.test_iter94_review_photos_and_near" name="test_photos_capped_at_three" time="0.593" /><testcase classname="backend.tests.test_iter94_review_photos_and_near" name="test_patch_photos_edit_and_clear" time="1.151" /><testcase classname="backend.tests.test_iter94_review_photos_and_near" name="test_near_returns_matching_places_for_round_rock" time="0.765" /><testcase classname="backend.tests.test_iter94_review_photos_and_near" name="test_near_empty_when_no_city_match" time="0.383" /><testcase classname="backend.tests.test_iter94_review_photos_and_near" name="test_near_404_for_missing_competition" time="0.134" /></testsuite></testsuites>