<?xml version="1.0" encoding="utf-8"?><testsuites name="pytest tests"><testsuite name="pytest" errors="0" failures="0" skipped="0" tests="7" time="1.156" timestamp="2026-07-06T22:48:17.938333+00:00" hostname="agent-env-57994f63-7462-48aa-bdd2-bde2009a16ea"><testcase classname="tests.test_v22_links_and_filters.TestScheduleLinks" name="test_create_schedule_with_links_persists" time="0.524" /><testcase classname="tests.test_v22_links_and_filters.TestScheduleLinks" name="test_patch_schedule_updates_links" time="0.114" /><testcase classname="tests.test_v22_links_and_filters.TestScheduleLinks" name="test_calendar_includes_links_on_schedule_items" time="0.062" /><testcase classname="tests.test_v22_links_and_filters.TestCompetitionLinks" name="test_create_competition_with_links" time="0.110" /><testcase classname="tests.test_v22_links_and_filters.TestCompetitionLinks" name="test_patch_competition_replaces_links" time="0.102" /><testcase classname="tests.test_v22_links_and_filters.TestExpensesSort" name="test_expenses_sorted_ascending_by_incurred_on" time="0.053" /><testcase classname="tests.test_v22_links_and_filters" name="test_cleanup" time="0.111" /></testsuite></testsuites>