<?xml version="1.0" encoding="utf-8"?><testsuites name="pytest tests"><testsuite name="pytest" errors="0" failures="0" skipped="0" tests="7" time="5.532" timestamp="2026-08-31T19:45:08.749629+00:00" hostname="agent-env-b7aaa67e-127b-469d-83ba-e1e9897c3d64"><testcase classname="backend.tests.test_iter108_team_calendar_event_form" name="test_create_event_with_all_fields" time="0.747" /><testcase classname="backend.tests.test_iter108_team_calendar_event_form" name="test_list_daily_expansion" time="0.343" /><testcase classname="backend.tests.test_iter108_team_calendar_event_form" name="test_list_biweekly_expansion" time="0.387" /><testcase classname="backend.tests.test_iter108_team_calendar_event_form" name="test_patch_event" time="0.578" /><testcase classname="backend.tests.test_iter108_team_calendar_event_form" name="test_delete_event" time="0.598" /><testcase classname="backend.tests.test_iter108_team_calendar_event_form" name="test_rsvp_flow" time="1.566" /><testcase classname="backend.tests.test_iter108_team_calendar_event_form" name="test_create_requires_title_and_date" time="1.231" /></testsuite></testsuites>