<?xml version="1.0" encoding="utf-8"?><testsuites name="pytest tests"><testsuite name="pytest" errors="0" failures="0" skipped="0" tests="7" time="1.341" timestamp="2026-07-21T18:53:14.826233+00:00" hostname="agent-env-b7aaa67e-127b-469d-83ba-e1e9897c3d64"><testcase classname="backend.tests.test_iter61_signup_slot_kinds.TestSlotKinds" name="test_add_item_slot_defaults_kind_item" time="0.626" /><testcase classname="backend.tests.test_iter61_signup_slot_kinds.TestSlotKinds" name="test_add_duty_slot" time="0.055" /><testcase classname="backend.tests.test_iter61_signup_slot_kinds.TestSlotKinds" name="test_add_time_slot_with_time_label" time="0.045" /><testcase classname="backend.tests.test_iter61_signup_slot_kinds.TestSlotKinds" name="test_get_persists_kind_and_time_label" time="0.048" /><testcase classname="backend.tests.test_iter61_signup_slot_kinds.TestSlotKinds" name="test_patch_slot_change_kind_and_time_label" time="0.139" /><testcase classname="backend.tests.test_iter61_signup_slot_kinds.TestSlotKinds" name="test_patch_clear_time_label" time="0.137" /><testcase classname="backend.tests.test_iter61_signup_slot_kinds.TestSlotKinds" name="test_invalid_kind_rejected" time="0.093" /></testsuite></testsuites>