<?xml version="1.0" encoding="utf-8"?><testsuites name="pytest tests"><testsuite name="pytest" errors="0" failures="0" skipped="0" tests="4" time="4.418" timestamp="2026-08-08T14:30:16.385342+00:00" hostname="agent-env-b7aaa67e-127b-469d-83ba-e1e9897c3d64"><testcase classname="backend.tests.test_iter88b_forms_music_sms" name="test_A_team_forms_links_and_photos" time="1.084" /><testcase classname="backend.tests.test_iter88b_forms_music_sms" name="test_B_calendar_has_music_flag" time="2.096" /><testcase classname="backend.tests.test_iter88b_forms_music_sms" name="test_C_competition_event_reminder_offsets_persist" time="0.484" /><testcase classname="backend.tests.test_iter88b_forms_music_sms" name="test_C_schedule_event_reminder_offsets_persist" time="0.660" /></testsuite></testsuites>