<?xml version="1.0" encoding="utf-8"?><testsuites name="pytest tests"><testsuite name="pytest" errors="0" failures="0" skipped="0" tests="3" time="13.921" timestamp="2026-08-16T22:09:37.405243+00:00" hostname="agent-env-b7aaa67e-127b-469d-83ba-e1e9897c3d64"><testcase classname="backend.tests.test_team_chat_channels" name="test_named_channels" time="2.866" /><testcase classname="backend.tests.test_team_chat" name="test_team_chat_flow" time="9.099" /><testcase classname="backend.tests.test_team_chat_mentions" name="test_mentions_and_receipts" time="1.884" /></testsuite></testsuites>