<?xml version="1.0" encoding="utf-8"?><testsuites name="pytest tests"><testsuite name="pytest" errors="0" failures="0" skipped="0" tests="18" time="3.903" timestamp="2026-06-03T22:36:58.720747+00:00" hostname="agent-env-776ba8fc-fc69-4cf1-aa74-fa7efdaca6ab"><testcase classname="backend.tests.test_bulk_endpoints.TestBulkExpenses" name="test_bulk_equal_split_3_athletes" time="0.938" /><testcase classname="backend.tests.test_bulk_endpoints.TestBulkExpenses" name="test_bulk_same_split_3_athletes" time="0.239" /><testcase classname="backend.tests.test_bulk_endpoints.TestBulkExpenses" name="test_bulk_single_athlete_equal" time="0.096" /><testcase classname="backend.tests.test_bulk_endpoints.TestBulkExpenses" name="test_bulk_empty_athlete_ids_400" time="0.049" /><testcase classname="backend.tests.test_bulk_endpoints.TestBulkExpenses" name="test_bulk_zero_amount_400" time="0.101" /><testcase classname="backend.tests.test_bulk_endpoints.TestBulkExpenses" name="test_bulk_negative_amount_400" time="0.126" /><testcase classname="backend.tests.test_bulk_endpoints.TestBulkExpenses" name="test_bulk_cross_user_athlete_404" time="0.375" /><testcase classname="backend.tests.test_bulk_endpoints.TestBulkExpenses" name="test_bulk_per_athlete_rounds_to_zero_400" time="0.186" /><testcase classname="backend.tests.test_bulk_endpoints.TestBulkExpenses" name="test_bulk_increases_dashboard_unpaid_balance" time="0.591" /><testcase classname="backend.tests.test_bulk_endpoints.TestBulkPayments" name="test_payments_bulk_equal_split_3_athletes" time="0.200" /><testcase classname="backend.tests.test_bulk_endpoints.TestBulkPayments" name="test_payments_bulk_same_split" time="0.199" /><testcase classname="backend.tests.test_bulk_endpoints.TestBulkPayments" name="test_payments_bulk_single_athlete" time="0.097" /><testcase classname="backend.tests.test_bulk_endpoints.TestBulkPayments" name="test_payments_bulk_empty_400" time="0.048" /><testcase classname="backend.tests.test_bulk_endpoints.TestBulkPayments" name="test_payments_bulk_zero_amount_400" time="0.105" /><testcase classname="backend.tests.test_bulk_endpoints.TestBulkPayments" name="test_payments_bulk_cross_user_404" time="0.101" /><testcase classname="backend.tests.test_bulk_endpoints.TestSingleEndpointsRegression" name="test_single_expense_create" time="0.097" /><testcase classname="backend.tests.test_bulk_endpoints.TestSingleEndpointsRegression" name="test_single_payment_create" time="0.099" /><testcase classname="backend.tests.test_bulk_endpoints.TestApplyPaymentLiteralStrictness" name="test_invalid_source_type_card_422" time="0.149" /></testsuite></testsuites>