<?xml version="1.0" encoding="utf-8"?><testsuites name="pytest tests"><testsuite name="pytest" errors="0" failures="0" skipped="0" tests="5" time="2.997" timestamp="2026-09-09T16:42:30.269348+00:00" hostname="agent-env-b7aaa67e-127b-469d-83ba-e1e9897c3d64"><testcase classname="backend.tests.test_iter121_relink_cleanup" name="test_coach_relink_cleans_up_duplicate" time="1.012" /><testcase classname="backend.tests.test_iter121_relink_cleanup" name="test_staff_relink_cleans_up_duplicate" time="0.458" /><testcase classname="backend.tests.test_iter121_relink_cleanup" name="test_athlete_relink_cleans_up_duplicate_and_chat_link" time="0.472" /><testcase classname="backend.tests.test_iter121_relink_cleanup" name="test_no_link_still_creates_fresh_no_wrong_deletes" time="0.448" /><testcase classname="backend.tests.test_iter121_relink_cleanup" name="test_relink_to_same_id_is_noop_and_does_not_delete" time="0.461" /></testsuite></testsuites>