<?xml version="1.0" encoding="utf-8"?><testsuites name="pytest tests"><testsuite name="pytest" errors="0" failures="0" skipped="0" tests="12" time="3.257" timestamp="2026-08-03T23:12:05.084756+00:00" hostname="agent-env-b7aaa67e-127b-469d-83ba-e1e9897c3d64"><testcase classname="backend.tests.test_iter80_music_range_and_roster_request.TestMusicRangeStream" name="test_full_get_returns_200_with_accept_ranges" time="1.509" /><testcase classname="backend.tests.test_iter80_music_range_and_roster_request.TestMusicRangeStream" name="test_range_prefix_returns_206_first_100_bytes" time="0.112" /><testcase classname="backend.tests.test_iter80_music_range_and_roster_request.TestMusicRangeStream" name="test_range_mid_slice_returns_206_correct_bytes" time="0.119" /><testcase classname="backend.tests.test_iter80_music_range_and_roster_request.TestMusicRangeStream" name="test_open_ended_range_returns_206" time="0.118" /><testcase classname="backend.tests.test_iter80_music_range_and_roster_request.TestMusicRangeStream" name="test_bad_token_401" time="0.107" /><testcase classname="backend.tests.test_iter80_music_range_and_roster_request.TestMusicRangeStream" name="test_missing_token_rejected" time="0.207" /><testcase classname="backend.tests.test_iter80_music_range_and_roster_request.TestRosterRequestInfo" name="test_request_info_returns_link_and_reuses_token" time="0.204" /><testcase classname="backend.tests.test_iter80_music_range_and_roster_request.TestRosterRequestInfo" name="test_public_data_returns_roster_member_with_prefilled_member" time="0.244" /><testcase classname="backend.tests.test_iter80_music_range_and_roster_request.TestRosterRequestInfo" name="test_public_submit_updates_that_specific_member" time="0.236" /><testcase classname="backend.tests.test_iter80_music_range_and_roster_request.TestRosterRequestInfo" name="test_send_true_with_no_phone_returns_400" time="0.103" /><testcase classname="backend.tests.test_iter80_music_range_and_roster_request.TestRosterRequestInfo" name="test_bad_base_url_rejected" time="0.050" /><testcase classname="backend.tests.test_iter80_music_range_and_roster_request.TestRosterRequestInfo" name="test_nonexistent_member_returns_404" time="0.154" /></testsuite></testsuites>