<?xml version="1.0" encoding="utf-8"?><testsuites name="pytest tests"><testsuite name="pytest" errors="0" failures="0" skipped="0" tests="26" time="6.786" timestamp="2026-06-23T18:34:38.147544+00:00" hostname="agent-env-776ba8fc-fc69-4cf1-aa74-fa7efdaca6ab"><testcase classname="backend.tests.test_v107_email_password_reset.TestForgotPassword" name="test_valid_email_returns_ok" time="0.554" /><testcase classname="backend.tests.test_v107_email_password_reset.TestForgotPassword" name="test_unknown_email_returns_ok_no_enumeration" time="0.113" /><testcase classname="backend.tests.test_v107_email_password_reset.TestForgotPassword" name="test_malformed_email_returns_422" time="0.115" /><testcase classname="backend.tests.test_v107_email_password_reset.TestForgotPassword" name="test_rate_limit_burst_triggers_429" time="1.367" /><testcase classname="backend.tests.test_v107_email_password_reset.TestResetPassword" name="test_valid_token_resets_password_then_restored" time="1.643" /><testcase classname="backend.tests.test_v107_email_password_reset.TestResetPassword" name="test_invalid_token_returns_400" time="0.094" /><testcase classname="backend.tests.test_v107_email_password_reset.TestResetPassword" name="test_short_password_returns_422" time="0.095" /><testcase classname="backend.tests.test_v107_email_password_reset.TestNotificationPreferences" name="test_get_returns_shape_with_defaults" time="0.349" /><testcase classname="backend.tests.test_v107_email_password_reset.TestNotificationPreferences" name="test_patch_frequency_weekly" time="0.095" /><testcase classname="backend.tests.test_v107_email_password_reset.TestNotificationPreferences" name="test_patch_frequency_off_flips_enabled" time="0.111" /><testcase classname="backend.tests.test_v107_email_password_reset.TestNotificationPreferences" name="test_patch_category_toggle_preserves_others" time="0.333" /><testcase classname="backend.tests.test_v107_email_password_reset.TestNotificationPreferences" name="test_patch_reenable" time="0.110" /><testcase classname="backend.tests.test_v107_email_password_reset.TestNotificationPreferences" name="test_unauthed_get_returns_401" time="0.088" /><testcase classname="backend.tests.test_v107_email_password_reset.TestUnsubscribe" name="test_valid_token_unsubscribes" time="0.323" /><testcase classname="backend.tests.test_v107_email_password_reset.TestUnsubscribe" name="test_invalid_token_returns_400_html" time="0.106" /><testcase classname="backend.tests.test_v107_email_password_reset.TestRegression" name="test_endpoint_200[/api/athletes]" time="0.099" /><testcase classname="backend.tests.test_v107_email_password_reset.TestRegression" name="test_endpoint_200[/api/expenses]" time="0.094" /><testcase classname="backend.tests.test_v107_email_password_reset.TestRegression" name="test_endpoint_200[/api/payments]" time="0.100" /><testcase classname="backend.tests.test_v107_email_password_reset.TestRegression" name="test_endpoint_200[/api/competitions]" time="0.097" /><testcase classname="backend.tests.test_v107_email_password_reset.TestRegression" name="test_endpoint_200[/api/bookings]" time="0.119" /><testcase classname="backend.tests.test_v107_email_password_reset.TestRegression" name="test_endpoint_200[/api/calendar]" time="0.098" /><testcase classname="backend.tests.test_v107_email_password_reset.TestRegression" name="test_endpoint_200[/api/fundraisers]" time="0.098" /><testcase classname="backend.tests.test_v107_email_password_reset.TestRegression" name="test_endpoint_200[/api/reminders]" time="0.095" /><testcase classname="backend.tests.test_v107_email_password_reset.TestRegression" name="test_endpoint_200[/api/dashboard]" time="0.121" /><testcase classname="backend.tests.test_v107_email_password_reset.TestRegression" name="test_endpoint_200[/api/schedule]" time="0.173" /><testcase classname="backend.tests.test_v107_email_password_reset.TestRegression" name="test_endpoint_200[/api/packing-templates]" time="0.102" /></testsuite></testsuites>