<?xml version="1.0" encoding="utf-8"?><testsuites name="pytest tests"><testsuite name="pytest" errors="0" failures="0" skipped="0" tests="10" time="2.847" timestamp="2026-06-29T18:36:24.819633+00:00" hostname="agent-env-57994f63-7462-48aa-bdd2-bde2009a16ea"><testcase classname="backend.tests.test_theme_saved_presets.TestSavedPresetLifecycle" name="test_01_initial_household_has_theme" time="0.718" /><testcase classname="backend.tests.test_theme_saved_presets.TestSavedPresetLifecycle" name="test_02_save_named_preset" time="0.198" /><testcase classname="backend.tests.test_theme_saved_presets.TestSavedPresetLifecycle" name="test_03_persistence_via_get_household" time="0.156" /><testcase classname="backend.tests.test_theme_saved_presets.TestSavedPresetLifecycle" name="test_04_save_requires_accent_and_bg" time="0.161" /><testcase classname="backend.tests.test_theme_saved_presets.TestSavedPresetLifecycle" name="test_05_apply_builtin_preset" time="0.340" /><testcase classname="backend.tests.test_theme_saved_presets.TestSavedPresetLifecycle" name="test_06_apply_saved_preset_by_id" time="0.247" /><testcase classname="backend.tests.test_theme_saved_presets.TestSavedPresetLifecycle" name="test_07_save_second_preset" time="0.246" /><testcase classname="backend.tests.test_theme_saved_presets.TestSavedPresetLifecycle" name="test_08_delete_first_saved" time="0.215" /><testcase classname="backend.tests.test_theme_saved_presets.TestSavedPresetLifecycle" name="test_09_delete_second_saved" time="0.233" /><testcase classname="backend.tests.test_theme_saved_presets.TestSavedPresetLifecycle" name="test_10_cleanup_reset_to_red_white" time="0.210" /></testsuite></testsuites>