<?xml version="1.0" encoding="utf-8"?><testsuites name="pytest tests"><testsuite name="pytest" errors="0" failures="0" skipped="0" tests="10" time="12.619" timestamp="2026-08-31T20:58:48.050062+00:00" hostname="agent-env-b7aaa67e-127b-469d-83ba-e1e9897c3d64"><testcase classname="backend.tests.test_coach_ai.TestAccessControl" name="test_parent_chat_forbidden" time="0.755" /><testcase classname="backend.tests.test_coach_ai.TestAccessControl" name="test_athlete_chat_forbidden" time="0.511" /><testcase classname="backend.tests.test_coach_ai.TestAccessControl" name="test_parent_flyer_forbidden" time="0.152" /><testcase classname="backend.tests.test_coach_ai.TestAccessControl" name="test_parent_history_forbidden" time="0.134" /><testcase classname="backend.tests.test_coach_ai.TestChat" name="test_chat_cheer_question" time="5.169" /><testcase classname="backend.tests.test_coach_ai.TestChat" name="test_chat_off_topic_decline" time="1.555" /><testcase classname="backend.tests.test_coach_ai.TestChat" name="test_chat_history" time="0.658" /><testcase classname="backend.tests.test_coach_ai.TestChat" name="test_chat_empty_message_rejected" time="0.246" /><testcase classname="backend.tests.test_coach_ai.TestFlyer" name="test_flyer_returns_402_budget_exhausted" time="3.192" /><testcase classname="backend.tests.test_coach_ai.TestFlyer" name="test_flyer_missing_title_400" time="0.174" /></testsuite></testsuites>