<?xml version="1.0" encoding="utf-8"?><testsuites name="pytest tests"><testsuite name="pytest" errors="0" failures="0" skipped="0" tests="4" time="2.320" timestamp="2026-09-04T15:53:53.844685+00:00" hostname="agent-env-b7aaa67e-127b-469d-83ba-e1e9897c3d64"><testcase classname="backend.tests.test_iter118_team_calendar_import.TestImportable" name="test_importable_shape" time="0.805" /><testcase classname="backend.tests.test_iter118_team_calendar_import.TestEventsRange" name="test_events_returns_role_and_events" time="0.170" /><testcase classname="backend.tests.test_iter118_team_calendar_import.TestEventsRange" name="test_events_narrow_window" time="0.250" /><testcase classname="backend.tests.test_iter118_team_calendar_import.TestBulkImportMarksAlready" name="test_bulk_import_and_reflect_added" time="1.021" /></testsuite></testsuites>