<?xml version="1.0" encoding="utf-8"?><testsuites name="pytest tests"><testsuite name="pytest" errors="0" failures="0" skipped="0" tests="17" time="5.295" timestamp="2026-06-12T22:42:23.638590+00:00" hostname="agent-env-776ba8fc-fc69-4cf1-aa74-fa7efdaca6ab"><testcase classname="backend.tests.test_calendar_time_granularity.TestCompetitionEventTime" name="test_create_with_event_time_persists" time="0.836" /><testcase classname="backend.tests.test_calendar_time_granularity.TestCompetitionEventTime" name="test_create_without_event_time_is_none" time="0.165" /><testcase classname="backend.tests.test_calendar_time_granularity.TestCompetitionEventTime" name="test_patch_set_event_time" time="0.260" /><testcase classname="backend.tests.test_calendar_time_granularity.TestCompetitionEventTime" name="test_patch_clear_event_time_via_empty_string" time="0.361" /><testcase classname="backend.tests.test_calendar_time_granularity.TestBookingHotelTimes" name="test_create_hotel_with_times" time="0.264" /><testcase classname="backend.tests.test_calendar_time_granularity.TestBookingHotelTimes" name="test_patch_hotel_times" time="0.322" /><testcase classname="backend.tests.test_calendar_time_granularity.TestCalendarFeedCompetitionTime" name="test_competition_with_event_time" time="0.207" /><testcase classname="backend.tests.test_calendar_time_granularity.TestCalendarFeedCompetitionTime" name="test_competition_without_event_time_is_all_day" time="0.203" /><testcase classname="backend.tests.test_calendar_time_granularity.TestCalendarFeedHotelTimes" name="test_hotel_checkin_checkout_subtitle_and_time" time="0.309" /><testcase classname="backend.tests.test_calendar_time_granularity.TestCalendarFeedHotelTimes" name="test_hotel_without_times_is_all_day" time="0.284" /><testcase classname="backend.tests.test_calendar_time_granularity.TestCalendarFeedFlightTimes" name="test_flight_depart_return_times" time="0.309" /><testcase classname="backend.tests.test_calendar_time_granularity.TestCalendarFeedFlightTimes" name="test_flight_without_times_no_time_field" time="0.303" /><testcase classname="backend.tests.test_calendar_time_granularity.TestICSExport" name="test_comp_with_event_time_emits_timed_vevent" time="0.184" /><testcase classname="backend.tests.test_calendar_time_granularity.TestICSExport" name="test_comp_without_event_time_emits_all_day" time="0.194" /><testcase classname="backend.tests.test_calendar_time_granularity.TestICSExport" name="test_hotel_with_times_emits_timed_vevents" time="0.290" /><testcase classname="backend.tests.test_calendar_time_granularity.TestICSExport" name="test_flight_with_times_emits_timed_vevents" time="0.304" /><testcase classname="backend.tests.test_calendar_time_granularity.TestRemindersRegression" name="test_reminders_endpoint_still_returns_list" time="0.349" /></testsuite></testsuites>