<?xml version="1.0" encoding="utf-8"?><testsuites name="pytest tests"><testsuite name="pytest" errors="0" failures="0" skipped="0" tests="7" time="2.345" timestamp="2026-06-19T04:16:07.635075+00:00" hostname="agent-env-776ba8fc-fc69-4cf1-aa74-fa7efdaca6ab"><testcase classname="backend.tests.test_iter20_dashboard_aggregates.TestDashboardAlreadyPaid" name="test_A1_paid_true_contributes_to_paid_ytd" time="0.772" /><testcase classname="backend.tests.test_iter20_dashboard_aggregates.TestDashboardAlreadyPaid" name="test_A2_toggle_e1_to_paid" time="0.090" /><testcase classname="backend.tests.test_iter20_dashboard_aggregates.TestDashboardAlreadyPaid" name="test_A3_toggle_e1_back_to_unpaid" time="0.219" /><testcase classname="backend.tests.test_iter20_dashboard_aggregates.TestDashboardMixed" name="test_B1_partial_payment_60_to_e1" time="0.442" /><testcase classname="backend.tests.test_iter20_dashboard_aggregates.TestDashboardMixed" name="test_B2_toggle_e2_to_paid" time="0.260" /><testcase classname="backend.tests.test_iter20_dashboard_aggregates.TestUnapplyRoundTrip" name="test_C1_payment_marks_expense_paid" time="0.213" /><testcase classname="backend.tests.test_iter20_dashboard_aggregates.TestUnapplyRoundTrip" name="test_C2_unapply_clears_expense_paid" time="0.263" /></testsuite></testsuites>