<?xml version="1.0" encoding="utf-8"?><testsuites name="pytest tests"><testsuite name="pytest" errors="0" failures="0" skipped="0" tests="16" time="3.726" timestamp="2026-08-04T16:11:49.777846+00:00" hostname="agent-env-b7aaa67e-127b-469d-83ba-e1e9897c3d64"><testcase classname="backend.tests.test_iter84_roadmap.TestRoadmapList" name="test_requires_auth" time="0.146" /><testcase classname="backend.tests.test_iter84_roadmap.TestRoadmapList" name="test_returns_expected_shape" time="0.486" /><testcase classname="backend.tests.test_iter84_roadmap.TestRoadmapList" name="test_seeded_planned_items_present" time="0.118" /><testcase classname="backend.tests.test_iter84_roadmap.TestRoadmapList" name="test_planned_items_have_required_fields" time="0.127" /><testcase classname="backend.tests.test_iter84_roadmap.TestCreateSuggestion" name="test_create_suggestion_auto_upvoted" time="0.247" /><testcase classname="backend.tests.test_iter84_roadmap.TestCreateSuggestion" name="test_reject_empty_title" time="0.114" /><testcase classname="backend.tests.test_iter84_roadmap.TestVoteToggle" name="test_toggle_removes_own_vote" time="0.264" /><testcase classname="backend.tests.test_iter84_roadmap.TestVoteToggle" name="test_toggle_adds_vote_back" time="0.218" /><testcase classname="backend.tests.test_iter84_roadmap.TestVoteToggle" name="test_count_never_negative" time="0.524" /><testcase classname="backend.tests.test_iter84_roadmap.TestVoteToggle" name="test_vote_persists_on_get" time="0.262" /><testcase classname="backend.tests.test_iter84_roadmap.TestVoteToggle" name="test_vote_on_planned_item" time="0.364" /><testcase classname="backend.tests.test_iter84_roadmap.TestVoteToggle" name="test_vote_404_on_unknown_id" time="0.135" /><testcase classname="backend.tests.test_iter84_roadmap.TestAdminGates" name="test_non_admin_cannot_create_planned" time="0.134" /><testcase classname="backend.tests.test_iter84_roadmap.TestAdminGates" name="test_non_admin_cannot_patch" time="0.248" /><testcase classname="backend.tests.test_iter84_roadmap.TestAdminGates" name="test_non_admin_cannot_delete" time="0.254" /><testcase classname="backend.tests.test_iter84_roadmap" name="test_cleanup_created_suggestions" time="0.000" /></testsuite></testsuites>