<?xml version="1.0" encoding="utf-8"?><testsuites name="pytest tests"><testsuite name="pytest" errors="0" failures="0" skipped="0" tests="8" time="2.632" timestamp="2026-07-27T23:07:16.148525+00:00" hostname="agent-env-b7aaa67e-127b-469d-83ba-e1e9897c3d64"><testcase classname="backend.tests.test_iter72_payment_amount_due_math.TestUnpaidAmountDueIncluded" name="test_single_unpaid_amount_due_50" time="0.901" /><testcase classname="backend.tests.test_iter72_payment_amount_due_math.TestUnpaidAmountDueIncluded" name="test_two_unpaid_amount_due_sum" time="0.194" /><testcase classname="backend.tests.test_iter72_payment_amount_due_math.TestUnpaidAmountDueIncluded" name="test_paid_reduces_outstanding" time="0.257" /><testcase classname="backend.tests.test_iter72_payment_amount_due_math.TestRegression" name="test_paid_with_amount_paid_only" time="0.205" /><testcase classname="backend.tests.test_iter72_payment_amount_due_math.TestRegression" name="test_amount_due_for_paid_member" time="0.174" /><testcase classname="backend.tests.test_iter72_payment_amount_due_math.TestRegression" name="test_exempt_member_excluded_from_totals" time="0.250" /><testcase classname="backend.tests.test_iter72_payment_amount_due_math.TestRegression" name="test_default_amount_per_person_applied_no_entry" time="0.214" /><testcase classname="backend.tests.test_iter72_payment_amount_due_math.TestRegression" name="test_multi_attach_persists" time="0.354" /></testsuite></testsuites>