<?xml version="1.0" encoding="utf-8"?><testsuites name="pytest tests"><testsuite name="pytest" errors="0" failures="0" skipped="0" tests="12" time="1.826" timestamp="2026-06-08T04:52:02.734963+00:00" hostname="agent-env-776ba8fc-fc69-4cf1-aa74-fa7efdaca6ab"><testcase classname="tests.test_travel_flight_car_fields.TestFlightLegCosts" name="test_post_flight_with_leg_costs_auto_computes_total" time="0.589" /><testcase classname="tests.test_travel_flight_car_fields.TestFlightLegCosts" name="test_post_flight_with_explicit_cost_is_not_overwritten" time="0.049" /><testcase classname="tests.test_travel_flight_car_fields.TestFlightLegCosts" name="test_post_flight_persists_return_airline_confirmation" time="0.050" /><testcase classname="tests.test_travel_flight_car_fields.TestFlightLegCosts" name="test_patch_only_outbound_cost_recomputes_total" time="0.100" /><testcase classname="tests.test_travel_flight_car_fields.TestFlightLegCosts" name="test_patch_only_return_cost_recomputes_total" time="0.101" /><testcase classname="tests.test_travel_flight_car_fields.TestFlightLegCosts" name="test_patch_flight_null_out_return_fields" time="0.107" /><testcase classname="tests.test_travel_flight_car_fields.TestCarPickupDropoff" name="test_post_car_persists_pickup_dropoff" time="0.100" /><testcase classname="tests.test_travel_flight_car_fields.TestCarPickupDropoff" name="test_patch_car_null_out_pickup_dropoff" time="0.105" /><testcase classname="tests.test_travel_flight_car_fields.TestTravelTemplate" name="test_travel_template_includes_new_headers" time="0.052" /><testcase classname="tests.test_travel_flight_car_fields.TestTravelImportNewFields" name="test_preview_car_row_produces_pickup_dropoff" time="0.153" /><testcase classname="tests.test_travel_flight_car_fields.TestTravelImportNewFields" name="test_preview_flight_row_with_outbound_return_costs" time="0.107" /><testcase classname="tests.test_travel_flight_car_fields.TestTravelImportNewFields" name="test_commit_persists_new_car_and_flight_fields" time="0.252" /></testsuite></testsuites>