<?xml version="1.0" encoding="utf-8"?><testsuites name="pytest tests"><testsuite name="pytest" errors="0" failures="0" skipped="0" tests="4" time="2.273" timestamp="2026-06-30T23:18:23.455873+00:00" hostname="agent-env-57994f63-7462-48aa-bdd2-bde2009a16ea"><testcase classname="backend.tests.test_schedule_team_link.TestScheduleTeamLink" name="test_create_with_team_id_persists" time="0.998" /><testcase classname="backend.tests.test_schedule_team_link.TestScheduleTeamLink" name="test_create_without_team_id_regression" time="0.237" /><testcase classname="backend.tests.test_schedule_team_link.TestScheduleTeamLink" name="test_patch_set_team_id" time="0.458" /><testcase classname="backend.tests.test_schedule_team_link.TestScheduleTeamLink" name="test_patch_clear_team_id_to_null" time="0.470" /></testsuite></testsuites>