<?xml version="1.0" encoding="utf-8"?><testsuites name="pytest tests"><testsuite name="pytest" errors="0" failures="0" skipped="0" tests="7" time="4.805" timestamp="2026-08-31T20:43:46.739023+00:00" hostname="agent-env-b7aaa67e-127b-469d-83ba-e1e9897c3d64"><testcase classname="backend.tests.test_iter111_scouting_sub_category" name="test_library_counts_and_sub_categories" time="0.940" /><testcase classname="backend.tests.test_iter111_scouting_sub_category" name="test_tumbling_l1_l6_spot_checks" time="0.160" /><testcase classname="backend.tests.test_iter111_scouting_sub_category" name="test_create_tumbling_running_skill" time="0.449" /><testcase classname="backend.tests.test_iter111_scouting_sub_category" name="test_create_stunting_ignores_sub_category" time="0.315" /><testcase classname="backend.tests.test_iter111_scouting_sub_category" name="test_create_jumps_ignores_sub_category" time="0.208" /><testcase classname="backend.tests.test_iter111_scouting_sub_category" name="test_reorder_updates_level_and_sub_category" time="0.923" /><testcase classname="backend.tests.test_iter111_scouting_sub_category" name="test_scouting_report_exposes_sub_category" time="1.727" /></testsuite></testsuites>