<?xml version="1.0" encoding="utf-8"?><testsuites name="pytest tests"><testsuite name="pytest" errors="0" failures="0" skipped="0" tests="22" time="6.019" timestamp="2026-05-27T19:03:12.541921+00:00" hostname="agent-env-776ba8fc-fc69-4cf1-aa74-fa7efdaca6ab"><testcase classname="backend.tests.test_cheertrack_backend.TestHealth" name="test_root" time="0.248" /><testcase classname="backend.tests.test_cheertrack_backend.TestAuth" name="test_signup_returns_token_and_user" time="0.317" /><testcase classname="backend.tests.test_cheertrack_backend.TestAuth" name="test_signup_duplicate_email_rejected" time="0.337" /><testcase classname="backend.tests.test_cheertrack_backend.TestAuth" name="test_login_success" time="0.282" /><testcase classname="backend.tests.test_cheertrack_backend.TestAuth" name="test_login_wrong_password" time="0.274" /><testcase classname="backend.tests.test_cheertrack_backend.TestAuth" name="test_me_returns_current_user" time="0.078" /><testcase classname="backend.tests.test_cheertrack_backend.TestAuth" name="test_me_no_token" time="0.056" /><testcase classname="backend.tests.test_cheertrack_backend.TestAuth" name="test_me_invalid_token" time="0.059" /><testcase classname="backend.tests.test_cheertrack_backend.TestAthletes" name="test_create_list_update_delete" time="0.314" /><testcase classname="backend.tests.test_cheertrack_backend.TestExpenses" name="test_categories" time="0.061" /><testcase classname="backend.tests.test_cheertrack_backend.TestExpenses" name="test_expense_crud_and_filter" time="0.271" /><testcase classname="backend.tests.test_cheertrack_backend.TestPayments" name="test_payment_crud" time="0.221" /><testcase classname="backend.tests.test_cheertrack_backend.TestCompetitions" name="test_competition_crud" time="0.346" /><testcase classname="backend.tests.test_cheertrack_backend.TestBookings" name="test_booking_types_and_crud" time="0.547" /><testcase classname="backend.tests.test_cheertrack_backend.TestFundraisers" name="test_fundraiser_crud" time="0.170" /><testcase classname="backend.tests.test_cheertrack_backend.TestDashboard" name="test_dashboard_aggregate" time="0.450" /><testcase classname="backend.tests.test_cheertrack_backend.TestReminders" name="test_reminders_categories" time="0.300" /><testcase classname="backend.tests.test_cheertrack_backend.TestReminders" name="test_reminders_exclude_zero_balance_booking" time="0.197" /><testcase classname="backend.tests.test_cheertrack_backend.TestUserScoping" name="test_user_a_cannot_access_user_b_athlete" time="0.570" /><testcase classname="backend.tests.test_cheertrack_backend.TestUserScoping" name="test_user_a_cannot_access_user_b_competition" time="0.188" /><testcase classname="backend.tests.test_cheertrack_backend.TestCascadeDeletes" name="test_delete_athlete_cascades_expenses_and_payments" time="0.382" /><testcase classname="backend.tests.test_cheertrack_backend.TestCascadeDeletes" name="test_delete_competition_cascades_bookings" time="0.226" /></testsuite></testsuites>