<?xml version="1.0" encoding="utf-8"?><testsuites name="pytest tests"><testsuite name="pytest" errors="0" failures="0" skipped="0" tests="16" time="4.290" timestamp="2026-06-03T22:14:19.393184+00:00" hostname="agent-env-776ba8fc-fc69-4cf1-aa74-fa7efdaca6ab"><testcase classname="backend.tests.test_partial_payments.TestExpenseBalanceFields" name="test_fresh_expense_has_zero_paid_full_balance" time="0.787" /><testcase classname="backend.tests.test_partial_payments.TestExpenseBalanceFields" name="test_manually_paid_expense_has_balance_zero" time="0.149" /><testcase classname="backend.tests.test_partial_payments.TestApplyPaymentFundraiserAndManual" name="test_fundraiser_then_manual_full_cycle" time="0.405" /><testcase classname="backend.tests.test_partial_payments.TestApplyPaymentCaps" name="test_cap_to_fundraiser_available" time="0.260" /><testcase classname="backend.tests.test_partial_payments.TestApplyPaymentCaps" name="test_cap_to_remaining_balance" time="0.162" /><testcase classname="backend.tests.test_partial_payments.TestApplyPaymentValidation" name="test_zero_amount_400" time="0.156" /><testcase classname="backend.tests.test_partial_payments.TestApplyPaymentValidation" name="test_negative_amount_400" time="0.151" /><testcase classname="backend.tests.test_partial_payments.TestApplyPaymentValidation" name="test_nonexistent_expense_404" time="0.051" /><testcase classname="backend.tests.test_partial_payments.TestApplyPaymentValidation" name="test_nonexistent_fundraiser_404" time="0.148" /><testcase classname="backend.tests.test_partial_payments.TestApplyPaymentValidation" name="test_fully_paid_expense_rejects_400" time="0.146" /><testcase classname="backend.tests.test_partial_payments.TestApplyPaymentValidation" name="test_fully_covered_then_apply_again_400" time="0.225" /><testcase classname="backend.tests.test_partial_payments.TestFundraiserAppliedAvailable" name="test_new_fundraiser_has_full_available" time="0.098" /><testcase classname="backend.tests.test_partial_payments.TestFundraiserAppliedAvailable" name="test_partial_fundraiser_application_tracks" time="0.310" /><testcase classname="backend.tests.test_partial_payments.TestPaymentsEndpointDoesNotEagerlyMark" name="test_partial_payment_does_not_mark_paid" time="0.203" /><testcase classname="backend.tests.test_partial_payments.TestPaymentsEndpointDoesNotEagerlyMark" name="test_full_payment_marks_paid" time="0.204" /><testcase classname="backend.tests.test_partial_payments.TestDashboardUnpaidBalanceAccountsPartial" name="test_partial_reduces_unpaid_expense_balance" time="0.686" /></testsuite></testsuites>