<?xml version="1.0" encoding="utf-8"?><testsuites name="pytest tests"><testsuite name="pytest" errors="0" failures="0" skipped="0" tests="11" time="2.397" timestamp="2026-08-14T17:42:41.876141+00:00" hostname="agent-env-b7aaa67e-127b-469d-83ba-e1e9897c3d64"><testcase classname="backend.tests.test_iter95_weather.TestWeatherReasonBranches" name="test_requires_auth" time="0.281" /><testcase classname="backend.tests.test_iter95_weather.TestWeatherReasonBranches" name="test_no_location" time="0.651" /><testcase classname="backend.tests.test_iter95_weather.TestWeatherReasonBranches" name="test_past_date" time="0.151" /><testcase classname="backend.tests.test_iter95_weather.TestWeatherReasonBranches" name="test_out_of_range" time="0.175" /><testcase classname="backend.tests.test_iter95_weather.TestWeatherReasonBranches" name="test_bad_date" time="0.226" /><testcase classname="backend.tests.test_iter95_weather.TestWeatherPositive" name="test_seeded_city_returns_available[Dallas, TX]" time="0.214" /><testcase classname="backend.tests.test_iter95_weather.TestWeatherPositive" name="test_seeded_city_returns_available[Round Rock, TX]" time="0.119" /><testcase classname="backend.tests.test_iter95_weather.TestWeatherPositive" name="test_seeded_city_returns_available[Orlando, FL]" time="0.110" /><testcase classname="backend.tests.test_iter95_weather.TestWeatherPositive" name="test_seeded_city_returns_available[123 Main St, Round Rock, TX 78665]" time="0.122" /><testcase classname="backend.tests.test_iter95_weather.TestCalendarWeatherFields" name="test_calendar_items_have_location_and_weather_date" time="0.136" /><testcase classname="backend.tests.test_iter95_weather.TestCalendarWeatherFields" name="test_weather_demo_comp_has_dallas_location" time="0.125" /></testsuite></testsuites>