<?xml version="1.0" encoding="utf-8"?><testsuites name="pytest tests"><testsuite name="pytest" errors="0" failures="0" skipped="0" tests="13" time="2.223" timestamp="2026-07-18T05:19:59.754473+00:00" hostname="agent-env-b7aaa67e-127b-469d-83ba-e1e9897c3d64"><testcase classname="backend.tests.test_iter57_signups.TestSizesSportsBra" name="test_default_columns_include_sports_bra" time="0.458" /><testcase classname="backend.tests.test_iter57_signups.TestSignupSheetCRUD" name="test_create_blank_name_400" time="0.044" /><testcase classname="backend.tests.test_iter57_signups.TestSignupSheetCRUD" name="test_create_and_list" time="0.144" /><testcase classname="backend.tests.test_iter57_signups.TestSignupSheetCRUD" name="test_get_unknown_404" time="0.045" /><testcase classname="backend.tests.test_iter57_signups.TestSignupSheetCRUD" name="test_patch_and_blank_400" time="0.179" /><testcase classname="backend.tests.test_iter57_signups.TestSignupSheetCRUD" name="test_delete_sheet" time="0.135" /><testcase classname="backend.tests.test_iter57_signups.TestSignupSlots" name="test_add_slot_empty_label_400" time="0.048" /><testcase classname="backend.tests.test_iter57_signups.TestSignupSlots" name="test_add_patch_delete_slot" time="0.184" /><testcase classname="backend.tests.test_iter57_signups.TestSignupSlots" name="test_patch_unknown_slot_404" time="0.047" /><testcase classname="backend.tests.test_iter57_signups.TestSignupClaims" name="test_claim_unknown_member_404" time="0.141" /><testcase classname="backend.tests.test_iter57_signups.TestSignupClaims" name="test_claim_unknown_slot_404" time="0.092" /><testcase classname="backend.tests.test_iter57_signups.TestSignupClaims" name="test_add_claim_persists_and_summary" time="0.410" /><testcase classname="backend.tests.test_iter57_signups.TestAuth" name="test_unauth_401" time="0.210" /></testsuite></testsuites>