<?xml version="1.0" encoding="utf-8"?><testsuites name="pytest tests"><testsuite name="pytest" errors="0" failures="0" skipped="0" tests="4" time="2.202" timestamp="2026-07-27T22:47:38.275704+00:00" hostname="agent-env-b7aaa67e-127b-469d-83ba-e1e9897c3d64"><testcase classname="backend.tests.test_iter71_multi_attach.TestSignupMultiAttach" name="test_signup_multi_attach_flow" time="1.039" /><testcase classname="backend.tests.test_iter71_multi_attach.TestPaymentMultiAttach" name="test_payment_multi_attach_flow" time="0.380" /><testcase classname="backend.tests.test_iter71_multi_attach.TestAttendanceMultiAttach" name="test_attendance_multi_attach_flow" time="0.429" /><testcase classname="backend.tests.test_iter71_multi_attach.TestRegressionListing" name="test_lists_do_not_500" time="0.278" /></testsuite></testsuites>