<?xml version="1.0" encoding="utf-8"?><testsuites name="pytest tests"><testsuite name="pytest" errors="0" failures="0" skipped="0" tests="9" time="4.359" timestamp="2026-07-01T18:02:56.209192+00:00" hostname="agent-env-57994f63-7462-48aa-bdd2-bde2009a16ea"><testcase classname="backend.tests.test_v22_goal_and_calview.TestFundraiserGoal" name="test_create_with_goal_persists" time="0.684" /><testcase classname="backend.tests.test_v22_goal_and_calview.TestFundraiserGoal" name="test_create_without_goal_returns_null" time="0.102" /><testcase classname="backend.tests.test_v22_goal_and_calview.TestFundraiserGoal" name="test_patch_updates_goal" time="0.408" /><testcase classname="backend.tests.test_v22_goal_and_calview.TestFundraiserGoal" name="test_public_endpoint_returns_goal" time="0.650" /><testcase classname="backend.tests.test_v22_goal_and_calview.TestFundraiserGoal" name="test_public_endpoint_no_goal_returns_null" time="1.276" /><testcase classname="backend.tests.test_v22_goal_and_calview.TestCalendarRange" name="test_day_range_returns_only_that_day" time="0.575" /><testcase classname="backend.tests.test_v22_goal_and_calview.TestCalendarRange" name="test_week_range_returns_seven_days_slice" time="0.153" /><testcase classname="backend.tests.test_v22_goal_and_calview.TestCalendarRange" name="test_month_range_returns_full_span" time="0.102" /><testcase classname="backend.tests.test_v22_goal_and_calview.TestCalendarRange" name="test_out_of_range_excludes_event" time="0.269" /></testsuite></testsuites>