<?xml version="1.0" encoding="utf-8"?><testsuites name="pytest tests"><testsuite name="pytest" errors="0" failures="0" skipped="0" tests="16" time="3.212" timestamp="2026-06-29T20:40:49.048535+00:00" hostname="agent-env-57994f63-7462-48aa-bdd2-bde2009a16ea"><testcase classname="backend.tests.test_v22_imports_and_sort" name="test_csv_template_teams_to_watch" time="0.575" /><testcase classname="backend.tests.test_v22_imports_and_sort" name="test_xlsx_templates_valid[teams_to_watch]" time="0.108" /><testcase classname="backend.tests.test_v22_imports_and_sort" name="test_xlsx_templates_valid[expenses]" time="0.139" /><testcase classname="backend.tests.test_v22_imports_and_sort" name="test_xlsx_templates_valid[competitions]" time="0.134" /><testcase classname="backend.tests.test_v22_imports_and_sort" name="test_xlsx_templates_valid[travel]" time="0.120" /><testcase classname="backend.tests.test_v22_imports_and_sort" name="test_xlsx_templates_valid[schedule]" time="0.164" /><testcase classname="backend.tests.test_v22_imports_and_sort" name="test_xlsx_expenses_has_reference_sheet_with_14_categories" time="0.210" /><testcase classname="backend.tests.test_v22_imports_and_sort" name="test_xlsx_teams_to_watch_template_headers" time="0.124" /><testcase classname="backend.tests.test_v22_imports_and_sort" name="test_unknown_template_returns_400" time="0.110" /><testcase classname="backend.tests.test_v22_imports_and_sort" name="test_preview_teams_to_watch_csv" time="0.107" /><testcase classname="backend.tests.test_v22_imports_and_sort" name="test_commit_teams_to_watch_matches_and_auto_creates" time="0.581" /><testcase classname="backend.tests.test_v22_imports_and_sort" name="test_preview_competitions_csv" time="0.108" /><testcase classname="backend.tests.test_v22_imports_and_sort" name="test_preview_expenses_long_csv" time="0.113" /><testcase classname="backend.tests.test_v22_imports_and_sort" name="test_preview_schedule_csv" time="0.103" /><testcase classname="backend.tests.test_v22_imports_and_sort" name="test_preview_travel_csv" time="0.121" /><testcase classname="backend.tests.test_v22_imports_and_sort" name="test_preview_unknown_kind_400" time="0.216" /></testsuite></testsuites>