<?xml version="1.0" encoding="utf-8"?><testsuites name="pytest tests"><testsuite name="pytest" errors="0" failures="0" skipped="0" tests="17" time="3.775" timestamp="2026-07-22T21:52:16.585273+00:00" hostname="agent-env-b7aaa67e-127b-469d-83ba-e1e9897c3d64"><testcase classname="backend.tests.test_iter64_share_links" name="test_login_and_team_access" time="0.635" /><testcase classname="backend.tests.test_iter64_share_links" name="test_create_share_sizes" time="0.108" /><testcase classname="backend.tests.test_iter64_share_links" name="test_create_share_roster" time="0.110" /><testcase classname="backend.tests.test_iter64_share_links" name="test_create_share_signup" time="0.353" /><testcase classname="backend.tests.test_iter64_share_links" name="test_create_share_idempotent" time="0.097" /><testcase classname="backend.tests.test_iter64_share_links" name="test_create_share_requires_team_access" time="0.096" /><testcase classname="backend.tests.test_iter64_share_links" name="test_public_data_sizes" time="0.118" /><testcase classname="backend.tests.test_iter64_share_links" name="test_public_data_roster" time="0.095" /><testcase classname="backend.tests.test_iter64_share_links" name="test_public_data_signup" time="0.093" /><testcase classname="backend.tests.test_iter64_share_links" name="test_public_submit_signup_guest_claim" time="0.234" /><testcase classname="backend.tests.test_iter64_share_links" name="test_public_submit_roster_creates_member" time="0.314" /><testcase classname="backend.tests.test_iter64_share_links" name="test_public_submit_sizes_sets_value" time="0.432" /><testcase classname="backend.tests.test_iter64_share_links" name="test_public_html_page_ok" time="0.097" /><testcase classname="backend.tests.test_iter64_share_links" name="test_public_html_page_invalid_token_404" time="0.099" /><testcase classname="backend.tests.test_iter64_share_links" name="test_public_data_invalid_token_404" time="0.098" /><testcase classname="backend.tests.test_iter64_share_links" name="test_revoke_share_and_public_returns_404" time="0.295" /><testcase classname="backend.tests.test_iter64_share_links" name="test_cleanup_remaining_links" time="0.407" /></testsuite></testsuites>