<?xml version="1.0" encoding="utf-8"?><testsuites name="pytest tests"><testsuite name="pytest" errors="0" failures="0" skipped="0" tests="8" time="2.220" timestamp="2026-07-17T20:12:49.423442+00:00" hostname="agent-env-b7aaa67e-127b-469d-83ba-e1e9897c3d64"><testcase classname="tests.test_s1_sms_reminders.TestPersistence" name="test_competition_offsets_persist" time="0.918" /><testcase classname="tests.test_s1_sms_reminders.TestPersistence" name="test_flight_booking_offsets_persist" time="0.421" /><testcase classname="tests.test_s1_sms_reminders.TestPersistence" name="test_hotel_booking_offsets_default_empty" time="0.340" /><testcase classname="tests.test_s1_sms_reminders.TestParseLocalDatetime" name="test_iso_variants" time="0.176" /><testcase classname="tests.test_s1_sms_reminders.TestParseLocalDatetime" name="test_freeform_variants" time="0.000" /><testcase classname="tests.test_s1_sms_reminders.TestParseLocalDatetime" name="test_garbage_returns_none" time="0.000" /><testcase classname="tests.test_s1_sms_reminders.TestScheduler" name="test_valid_offsets" time="0.024" /><testcase classname="tests.test_s1_sms_reminders.TestScheduler" name="test_send_timed_sms_tick_dedupe_and_fire" time="0.132" /></testsuite></testsuites>