<?xml version="1.0" encoding="utf-8"?><testsuites name="pytest tests"><testsuite name="pytest" errors="0" failures="0" skipped="0" tests="11" time="1.727" timestamp="2026-07-18T04:31:21.191446+00:00" hostname="agent-env-b7aaa67e-127b-469d-83ba-e1e9897c3d64"><testcase classname="tests.test_iter55_sizes.TestSizesSheet" name="test_get_creates_sheet_with_defaults" time="0.557" /><testcase classname="tests.test_iter55_sizes.TestSizesSheet" name="test_get_is_idempotent" time="0.094" /><testcase classname="tests.test_iter55_sizes.TestColumns" name="test_add_column_empty_400" time="0.062" /><testcase classname="tests.test_iter55_sizes.TestColumns" name="test_add_custom_column" time="0.088" /><testcase classname="tests.test_iter55_sizes.TestColumns" name="test_rename_column" time="0.133" /><testcase classname="tests.test_iter55_sizes.TestColumns" name="test_rename_unknown_column_404" time="0.045" /><testcase classname="tests.test_iter55_sizes.TestColumns" name="test_delete_column_strips_values" time="0.194" /><testcase classname="tests.test_iter55_sizes.TestValues" name="test_set_and_persist_value" time="0.163" /><testcase classname="tests.test_iter55_sizes.TestValues" name="test_empty_value_clears_cell" time="0.135" /><testcase classname="tests.test_iter55_sizes.TestValues" name="test_unknown_member_404" time="0.091" /><testcase classname="tests.test_iter55_sizes.TestValues" name="test_unknown_column_404" time="0.087" /></testsuite></testsuites>