<?xml version="1.0" encoding="utf-8"?><testsuites name="pytest tests"><testsuite name="pytest" errors="0" failures="0" skipped="0" tests="10" time="2.036" timestamp="2026-07-18T00:22:28.408000+00:00" hostname="agent-env-b7aaa67e-127b-469d-83ba-e1e9897c3d64"><testcase classname="backend.tests.test_iter53_roles" name="test_create_athlete_with_each_role_and_get_roundtrip[athlete]" time="0.561" /><testcase classname="backend.tests.test_iter53_roles" name="test_create_athlete_with_each_role_and_get_roundtrip[coach]" time="0.091" /><testcase classname="backend.tests.test_iter53_roles" name="test_create_athlete_with_each_role_and_get_roundtrip[team_rep]" time="0.089" /><testcase classname="backend.tests.test_iter53_roles" name="test_create_athlete_with_each_role_and_get_roundtrip[staff]" time="0.096" /><testcase classname="backend.tests.test_iter53_roles" name="test_patch_updates_role_to_team_rep" time="0.133" /><testcase classname="backend.tests.test_iter53_roles" name="test_patch_updates_role_to_staff" time="0.134" /><testcase classname="backend.tests.test_iter53_roles" name="test_invalid_role_rejected_on_create" time="0.043" /><testcase classname="backend.tests.test_iter53_roles" name="test_invalid_role_rejected_on_patch" time="0.089" /><testcase classname="backend.tests.test_iter53_roles" name="test_role_defaults_to_athlete_when_omitted" time="0.050" /><testcase classname="backend.tests.test_iter53_roles" name="test_existing_coach_role_still_accepted" time="0.564" /></testsuite></testsuites>