<?xml version="1.0" encoding="utf-8"?><testsuites name="pytest tests"><testsuite name="pytest" errors="0" failures="0" skipped="0" tests="5" time="1.555" timestamp="2026-07-03T19:31:29.625937+00:00" hostname="agent-env-57994f63-7462-48aa-bdd2-bde2009a16ea"><testcase classname="backend.tests.test_v22_sms_optin" name="test_get_prefs_returns_sms_fields" time="0.697" /><testcase classname="backend.tests.test_v22_sms_optin" name="test_patch_sms_optin_persists" time="0.247" /><testcase classname="backend.tests.test_v22_sms_optin" name="test_patch_sms_optout" time="0.174" /><testcase classname="backend.tests.test_v22_sms_optin" name="test_patch_sms_does_not_break_other_fields" time="0.142" /><testcase classname="backend.tests.test_v22_sms_optin" name="test_zzz_cleanup_reset_sms" time="0.106" /></testsuite></testsuites>