<?xml version="1.0" encoding="utf-8"?><testsuites name="pytest tests"><testsuite name="pytest" errors="0" failures="0" skipped="0" tests="7" time="1.259" timestamp="2026-06-30T23:32:32.740347+00:00" hostname="agent-env-57994f63-7462-48aa-bdd2-bde2009a16ea"><testcase classname="backend.tests.test_calendar_team_logo.TestCalendarTeamLogo" name="test_calendar_endpoint_returns_items" time="1.087" /><testcase classname="backend.tests.test_calendar_team_logo.TestCalendarTeamLogo" name="test_team_meet_items_present" time="0.000" /><testcase classname="backend.tests.test_calendar_team_logo.TestCalendarTeamLogo" name="test_team_meet_items_include_logo_image_field" time="0.000" /><testcase classname="backend.tests.test_calendar_team_logo.TestCalendarTeamLogo" name="test_at_least_one_team_meet_or_perf_has_logo" time="0.105" /><testcase classname="backend.tests.test_calendar_team_logo.TestCalendarTeamLogo" name="test_other_kinds_do_not_carry_logo_image" time="0.000" /><testcase classname="backend.tests.test_calendar_team_logo.TestCalendarTeamLogo" name="test_team_to_watch_has_no_logo_image" time="0.000" /><testcase classname="backend.tests.test_calendar_team_logo.TestCalendarTeamLogo" name="test_team_meet_link_targets_competition" time="0.000" /></testsuite></testsuites>