<?xml version="1.0" encoding="utf-8"?><testsuites name="pytest tests"><testsuite name="pytest" errors="0" failures="0" skipped="0" tests="4" time="1.759" timestamp="2026-07-15T19:17:42.292234+00:00" hostname="agent-env-b7aaa67e-127b-469d-83ba-e1e9897c3d64"><testcase classname="backend.tests.test_iter51_calendar_and_dashboard.TestCal1Sort" name="test_calendar_sorted_all_day_first_then_time_ascending" time="0.755" /><testcase classname="backend.tests.test_iter51_calendar_and_dashboard.TestCal1Sort" name="test_calendar_has_day_with_multiple_timed_events_sorted" time="0.119" /><testcase classname="backend.tests.test_iter51_calendar_and_dashboard.TestF2DueToday" name="test_dashboard_due_today_matches_due_or_overdue_sum" time="0.382" /><testcase classname="backend.tests.test_iter51_calendar_and_dashboard.TestF2DueToday" name="test_dashboard_due_today_includes_overdue" time="0.239" /></testsuite></testsuites>