<?xml version="1.0" encoding="utf-8"?><testsuites name="pytest tests"><testsuite name="pytest" errors="0" failures="0" skipped="0" tests="7" time="3.692" timestamp="2026-07-25T17:54:34.985751+00:00" hostname="agent-env-b7aaa67e-127b-469d-83ba-e1e9897c3d64"><testcase classname="backend.tests.test_iter66_individual_reminders_share.TestReminderEndpoint" name="test_requires_auth" time="1.432" /><testcase classname="backend.tests.test_iter66_individual_reminders_share.TestReminderEndpoint" name="test_iterates_each_owing_member_individually" time="0.656" /><testcase classname="backend.tests.test_iter66_individual_reminders_share.TestReminderEndpoint" name="test_response_shape_individual_iteration" time="0.232" /><testcase classname="backend.tests.test_iter66_individual_reminders_share.TestSignupShareAndSort" name="test_create_signup_share_link" time="0.105" /><testcase classname="backend.tests.test_iter66_individual_reminders_share.TestSignupShareAndSort" name="test_public_data_contains_roster_names_and_slots" time="0.104" /><testcase classname="backend.tests.test_iter66_individual_reminders_share.TestSignupShareAndSort" name="test_full_slot_sinks_to_bottom" time="0.315" /><testcase classname="backend.tests.test_iter66_individual_reminders_share.TestPublicPageBlueAccent" name="test_public_html_uses_blue" time="0.759" /></testsuite></testsuites>