<?xml version="1.0" encoding="utf-8"?><testsuites name="pytest tests"><testsuite name="pytest" errors="0" failures="0" skipped="0" tests="14" time="118.065" timestamp="2026-09-02T06:37:59.292271+00:00" hostname="agent-env-b7aaa67e-127b-469d-83ba-e1e9897c3d64"><testcase classname="backend.tests.test_ai_designer.TestAccessControl" name="test_non_staff_generate_forbidden" time="0.717" /><testcase classname="backend.tests.test_ai_designer.TestAccessControl" name="test_non_staff_list_forbidden" time="0.102" /><testcase classname="backend.tests.test_ai_designer.TestAccessControl" name="test_unauth_generate_401" time="0.126" /><testcase classname="backend.tests.test_ai_designer.TestValidation" name="test_empty_prompt_400" time="0.667" /><testcase classname="backend.tests.test_ai_designer.TestValidation" name="test_save_empty_400" time="0.202" /><testcase classname="backend.tests.test_ai_designer.TestDesignFlow" name="test_generate_returns_base64" time="12.159" /><testcase classname="backend.tests.test_ai_designer.TestDesignFlow" name="test_save_and_list" time="0.726" /><testcase classname="backend.tests.test_ai_designer.TestDesignFlow" name="test_get_returns_image" time="0.549" /><testcase classname="backend.tests.test_ai_designer.TestDesignFlow" name="test_delete_then_404" time="0.347" /><testcase classname="backend.tests.test_ai_designer.TestVariationsAndTransparent" name="test_generate_variations_2_transparent" time="31.636" /><testcase classname="backend.tests.test_ai_designer.TestVariationsAndTransparent" name="test_variations_clamped_to_max" time="22.544" /><testcase classname="backend.tests.test_ai_designer.TestEditAndReferenceInputs" name="test_edit_image_returns_new_design" time="16.477" /><testcase classname="backend.tests.test_ai_designer.TestEditAndReferenceInputs" name="test_reference_and_logo_accepted" time="18.938" /><testcase classname="backend.tests.test_ai_designer.TestEditAndReferenceInputs" name="test_only_reference_no_prompt_allowed" time="12.789" /></testsuite></testsuites>