<?xml version="1.0" encoding="utf-8"?><testsuites name="pytest tests"><testsuite name="pytest" errors="0" failures="2" skipped="0" tests="16" time="5.139" timestamp="2026-06-17T04:33:00.205933+00:00" hostname="agent-env-776ba8fc-fc69-4cf1-aa74-fa7efdaca6ab"><testcase classname="backend.tests.test_iter18_waterfall_and_team_calendar.TestWaterfallAllocation" name="test_01_payment_250_pays_camp_and_gear_full" time="0.942" /><testcase classname="backend.tests.test_iter18_waterfall_and_team_calendar.TestWaterfallAllocation" name="test_02_partial_60_across_two" time="0.756"><failure message="AssertionError: Tuition paid flag should clear too&#10;assert True is False">backend/tests/test_iter18_waterfall_and_team_calendar.py:181: in test_02_partial_60_across_two
    assert tuition["paid"] is False, "Tuition paid flag should clear too"
E   AssertionError: Tuition paid flag should clear too
E   assert True is False</failure></testcase><testcase classname="backend.tests.test_iter18_waterfall_and_team_calendar.TestWaterfallAllocation" name="test_03_reverse_id_order_still_waterfalls" time="0.349" /><testcase classname="backend.tests.test_iter18_waterfall_and_team_calendar.TestTeamMeetTimesRoundTrip" name="test_04_patch_two_entries_round_trip" time="0.204" /><testcase classname="backend.tests.test_iter18_waterfall_and_team_calendar.TestTeamMeetTimesRoundTrip" name="test_05_edit_single_entry" time="0.083" /><testcase classname="backend.tests.test_iter18_waterfall_and_team_calendar.TestTeamMeetTimesRoundTrip" name="test_06_remove_one_entry" time="0.206" /><testcase classname="backend.tests.test_iter18_waterfall_and_team_calendar.TestCalendarFeed" name="test_07_team_meet_and_performance_present" time="0.211" /><testcase classname="backend.tests.test_iter18_waterfall_and_team_calendar.TestCalendarFeed" name="test_08_team_to_watch_cyan" time="0.043" /><testcase classname="backend.tests.test_iter18_waterfall_and_team_calendar.TestCalendarFeed" name="test_09_bare_date_emits_marker" time="0.210" /><testcase classname="backend.tests.test_iter18_waterfall_and_team_calendar.TestICSExport" name="test_10_ics_includes_timed_team_events" time="0.290" /><testcase classname="backend.tests.test_iter18_waterfall_and_team_calendar.TestRegression" name="test_11_auth_me" time="0.040" /><testcase classname="backend.tests.test_iter18_waterfall_and_team_calendar.TestRegression" name="test_12_athlete_5_teams_unlimited" time="0.534" /><testcase classname="backend.tests.test_iter18_waterfall_and_team_calendar.TestRegression" name="test_13_team_cascade_delete" time="0.529" /><testcase classname="backend.tests.test_iter18_waterfall_and_team_calendar.TestRegression" name="test_14_competition_omit_list_fields" time="0.127" /><testcase classname="backend.tests.test_iter18_waterfall_and_team_calendar.TestRegression" name="test_15_bulk_delete_resources" time="0.241" /><testcase classname="backend.tests.test_iter18_waterfall_and_team_calendar.TestRegression" name="test_16_standard_payment_with_explicit_allocations" time="0.245"><failure message="AssertionError: assert 100.0 == 80&#10; +  where 100.0 = &lt;built-in method get of dict object at 0xff6262b099c0&gt;('4d4fbb12-ead4-4665-8926-418aa300d445')&#10; +    where &lt;built-in method get of dict object at 0xff6262b099c0&gt; = {'4d4fbb12-ead4-4665-8926-418aa300d445': 100.0}.get">backend/tests/test_iter18_waterfall_and_team_calendar.py:487: in test_16_standard_payment_with_explicit_allocations
    assert allocs.get(e1["id"]) == 80
E   AssertionError: assert 100.0 == 80
E    +  where 100.0 = &lt;built-in method get of dict object at 0xff6262b099c0&gt;('4d4fbb12-ead4-4665-8926-418aa300d445')
E    +    where &lt;built-in method get of dict object at 0xff6262b099c0&gt; = {'4d4fbb12-ead4-4665-8926-418aa300d445': 100.0}.get</failure></testcase></testsuite></testsuites>