<?xml version="1.0" encoding="utf-8"?><testsuites name="pytest tests"><testsuite name="pytest" errors="0" failures="0" skipped="0" tests="15" time="4.462" timestamp="2026-07-18T05:41:57.561554+00:00" hostname="agent-env-b7aaa67e-127b-469d-83ba-e1e9897c3d64"><testcase classname="backend.tests.test_iter58_team_access_gate.TestAuthShape" name="test_login_includes_team_access" time="0.520" /><testcase classname="backend.tests.test_iter58_team_access_gate.TestAuthShape" name="test_me_includes_team_access" time="0.142" /><testcase classname="backend.tests.test_iter58_team_access_gate.TestAuthShape" name="test_signup_new_user_defaults_team_access_false" time="1.336" /><testcase classname="backend.tests.test_iter58_team_access_gate.TestTeamHubUnlockedForPersonnel" name="test_endpoint_returns_200[/api/roster]" time="0.090" /><testcase classname="backend.tests.test_iter58_team_access_gate.TestTeamHubUnlockedForPersonnel" name="test_endpoint_returns_200[/api/team/payments]" time="0.088" /><testcase classname="backend.tests.test_iter58_team_access_gate.TestTeamHubUnlockedForPersonnel" name="test_endpoint_returns_200[/api/team/sizes]" time="0.088" /><testcase classname="backend.tests.test_iter58_team_access_gate.TestTeamHubUnlockedForPersonnel" name="test_endpoint_returns_200[/api/team/paperwork]" time="0.125" /><testcase classname="backend.tests.test_iter58_team_access_gate.TestTeamHubUnlockedForPersonnel" name="test_endpoint_returns_200[/api/team/signups]" time="0.099" /><testcase classname="backend.tests.test_iter58_team_access_gate.TestTeamHubUnauth" name="test_endpoint_returns_401_without_token[/api/roster]" time="0.089" /><testcase classname="backend.tests.test_iter58_team_access_gate.TestTeamHubUnauth" name="test_endpoint_returns_401_without_token[/api/team/payments]" time="0.094" /><testcase classname="backend.tests.test_iter58_team_access_gate.TestTeamHubUnauth" name="test_endpoint_returns_401_without_token[/api/team/sizes]" time="0.130" /><testcase classname="backend.tests.test_iter58_team_access_gate.TestTeamHubUnauth" name="test_endpoint_returns_401_without_token[/api/team/paperwork]" time="0.087" /><testcase classname="backend.tests.test_iter58_team_access_gate.TestTeamHubUnauth" name="test_endpoint_returns_401_without_token[/api/team/signups]" time="0.104" /><testcase classname="backend.tests.test_iter58_team_access_gate.TestPatchTeamAccessGates" name="test_patch_toggle_flow" time="1.207" /><testcase classname="backend.tests.test_iter58_team_access_gate.TestPatchTeamAccessGates" name="test_patch_requires_auth" time="0.185" /></testsuite></testsuites>