<?xml version="1.0" encoding="utf-8"?><testsuites name="pytest tests"><testsuite name="pytest" errors="0" failures="0" skipped="0" tests="13" time="4.701" timestamp="2026-07-18T04:51:37.894595+00:00" hostname="agent-env-b7aaa67e-127b-469d-83ba-e1e9897c3d64"><testcase classname="backend.tests.test_paperwork.TestPaperworkList" name="test_list_shape" time="0.701" /><testcase classname="backend.tests.test_paperwork.TestPaperworkList" name="test_create_blank_name_400" time="0.124" /><testcase classname="backend.tests.test_paperwork.TestPaperworkList" name="test_create_success" time="0.257" /><testcase classname="backend.tests.test_paperwork.TestPaperworkSheetCrud" name="test_get_unknown_404" time="0.126" /><testcase classname="backend.tests.test_paperwork.TestPaperworkSheetCrud" name="test_get_returns_items_values_summary" time="0.139" /><testcase classname="backend.tests.test_paperwork.TestPaperworkSheetCrud" name="test_rename_and_delete" time="0.679" /><testcase classname="backend.tests.test_paperwork.TestPaperworkItems" name="test_add_empty_400" time="0.096" /><testcase classname="backend.tests.test_paperwork.TestPaperworkItems" name="test_add_rename_delete_strips_values" time="0.725" /><testcase classname="backend.tests.test_paperwork.TestPaperworkValue" name="test_toggle_done_and_note" time="0.567" /><testcase classname="backend.tests.test_paperwork.TestPaperworkValue" name="test_value_unknown_member_404" time="0.206" /><testcase classname="backend.tests.test_paperwork.TestPaperworkValue" name="test_value_unknown_item_404" time="0.101" /><testcase classname="backend.tests.test_paperwork.TestPaperworkSummary" name="test_summary_math" time="0.688" /><testcase classname="backend.tests.test_paperwork.TestPaperworkAuth" name="test_unauth_401" time="0.199" /></testsuite></testsuites>