<?xml version="1.0" encoding="utf-8"?><testsuites name="pytest tests"><testsuite name="pytest" errors="0" failures="0" skipped="0" tests="14" time="0.384" timestamp="2026-07-09T19:57:37.278905+00:00" hostname="agent-env-55514c5a-ab87-4c41-b6ea-17a32b375fbc"><testcase classname="backend.tests.test_v23_custom_types.TestExpenseCategories" name="test_get_initial_empty" time="0.254" /><testcase classname="backend.tests.test_v23_custom_types.TestExpenseCategories" name="test_add_category" time="0.003" /><testcase classname="backend.tests.test_v23_custom_types.TestExpenseCategories" name="test_add_duplicate_returns_400" time="0.002" /><testcase classname="backend.tests.test_v23_custom_types.TestExpenseCategories" name="test_add_builtin_returns_400" time="0.002" /><testcase classname="backend.tests.test_v23_custom_types.TestExpenseCategories" name="test_add_empty_returns_400" time="0.002" /><testcase classname="backend.tests.test_v23_custom_types.TestExpenseCategories" name="test_household_exposes_custom_categories" time="0.002" /><testcase classname="backend.tests.test_v23_custom_types.TestExpenseCategories" name="test_expense_with_custom_category" time="0.010" /><testcase classname="backend.tests.test_v23_custom_types.TestExpenseCategories" name="test_delete_category" time="0.002" /><testcase classname="backend.tests.test_v23_custom_types.TestEventTypes" name="test_add_event_type" time="0.002" /><testcase classname="backend.tests.test_v23_custom_types.TestEventTypes" name="test_household_exposes_custom_event_types" time="0.002" /><testcase classname="backend.tests.test_v23_custom_types.TestEventTypes" name="test_add_empty_label_400" time="0.002" /><testcase classname="backend.tests.test_v23_custom_types.TestEventTypes" name="test_calendar_uses_custom_color" time="0.010" /><testcase classname="backend.tests.test_v23_custom_types.TestEventTypes" name="test_schedule_builtin_type_still_works" time="0.009" /><testcase classname="backend.tests.test_v23_custom_types.TestEventTypes" name="test_delete_event_type" time="0.004" /></testsuite></testsuites>