<?xml version="1.0" encoding="utf-8"?><testsuites name="pytest tests"><testsuite name="pytest" errors="0" failures="0" skipped="0" tests="14" time="77.574" timestamp="2026-06-16T22:39:00.140784+00:00" hostname="agent-env-776ba8fc-fc69-4cf1-aa74-fa7efdaca6ab"><testcase classname="backend.tests.test_bulk_delete.TestBulkDeleteAuth" name="test_requires_auth" time="0.317" /><testcase classname="backend.tests.test_bulk_delete.TestBulkDeleteValidation" name="test_unsupported_resource_returns_400" time="0.623" /><testcase classname="backend.tests.test_bulk_delete.TestBulkDeleteValidation" name="test_empty_ids_returns_zero" time="0.114" /><testcase classname="backend.tests.test_bulk_delete.TestBulkDeleteExpensesHappy" name="test_delete_multiple_expenses" time="0.815" /><testcase classname="backend.tests.test_bulk_delete.TestBulkDeleteAllResources" name="test_payments" time="0.412" /><testcase classname="backend.tests.test_bulk_delete.TestBulkDeleteAllResources" name="test_fundraisers" time="0.536" /><testcase classname="backend.tests.test_bulk_delete.TestBulkDeleteAllResources" name="test_competitions" time="0.441" /><testcase classname="backend.tests.test_bulk_delete.TestBulkDeleteAllResources" name="test_bookings" time="0.533" /><testcase classname="backend.tests.test_bulk_delete.TestBulkDeleteAllResources" name="test_schedules_alias" time="1.046" /><testcase classname="backend.tests.test_bulk_delete.TestBulkDeleteAllResources" name="test_schedule_events_canonical" time="0.344" /><testcase classname="backend.tests.test_bulk_delete.TestBulkDeleteAllResources" name="test_packing_templates" time="0.441" /><testcase classname="backend.tests.test_bulk_delete.TestBulkDeleteAllResources" name="test_packing_lists" time="0.557" /><testcase classname="backend.tests.test_bulk_delete.TestBulkDeleteHouseholdScope" name="test_coparent_can_delete_other_parent_records" time="70.005" /><testcase classname="backend.tests.test_bulk_delete.TestBulkDeleteHouseholdScope" name="test_cross_household_isolation" time="1.167" /></testsuite></testsuites>