<?xml version="1.0" encoding="utf-8"?><testsuites name="pytest tests"><testsuite name="pytest" errors="0" failures="0" skipped="1" tests="25" time="3.242" timestamp="2026-08-03T23:52:38.116068+00:00" hostname="agent-env-b7aaa67e-127b-469d-83ba-e1e9897c3d64"><testcase classname="backend.tests.test_iter81_season_scope_team_hub.TestRosterSeasonScope" name="test_roster_filtered_by_season_s1" time="0.997" /><testcase classname="backend.tests.test_iter81_season_scope_team_hub.TestRosterSeasonScope" name="test_roster_filtered_by_season_s2" time="0.053" /><testcase classname="backend.tests.test_iter81_season_scope_team_hub.TestRosterSeasonScope" name="test_roster_no_season_returns_all" time="0.061" /><testcase classname="backend.tests.test_iter81_season_scope_team_hub.TestSheetStampingAndFiltering" name="test_created_sheet_stamped_with_active_season[payments-name]" time="0.248" /><testcase classname="backend.tests.test_iter81_season_scope_team_hub.TestSheetStampingAndFiltering" name="test_created_sheet_stamped_with_active_season[paperwork-name]" time="0.000" /><testcase classname="backend.tests.test_iter81_season_scope_team_hub.TestSheetStampingAndFiltering" name="test_created_sheet_stamped_with_active_season[signups-name]" time="0.000" /><testcase classname="backend.tests.test_iter81_season_scope_team_hub.TestSheetStampingAndFiltering" name="test_created_sheet_stamped_with_active_season[attendance-title]" time="0.000" /><testcase classname="backend.tests.test_iter81_season_scope_team_hub.TestSheetStampingAndFiltering" name="test_sheet_visible_under_own_season[payments-name]" time="0.094" /><testcase classname="backend.tests.test_iter81_season_scope_team_hub.TestSheetStampingAndFiltering" name="test_sheet_visible_under_own_season[paperwork-name]" time="0.050" /><testcase classname="backend.tests.test_iter81_season_scope_team_hub.TestSheetStampingAndFiltering" name="test_sheet_visible_under_own_season[signups-name]" time="0.057" /><testcase classname="backend.tests.test_iter81_season_scope_team_hub.TestSheetStampingAndFiltering" name="test_sheet_visible_under_own_season[attendance-title]" time="0.054" /><testcase classname="backend.tests.test_iter81_season_scope_team_hub.TestSheetStampingAndFiltering" name="test_sheet_hidden_under_other_season[payments-name]" time="0.052" /><testcase classname="backend.tests.test_iter81_season_scope_team_hub.TestSheetStampingAndFiltering" name="test_sheet_hidden_under_other_season[paperwork-name]" time="0.057" /><testcase classname="backend.tests.test_iter81_season_scope_team_hub.TestSheetStampingAndFiltering" name="test_sheet_hidden_under_other_season[signups-name]" time="0.053" /><testcase classname="backend.tests.test_iter81_season_scope_team_hub.TestSheetStampingAndFiltering" name="test_sheet_hidden_under_other_season[attendance-title]" time="0.049" /><testcase classname="backend.tests.test_iter81_season_scope_team_hub.TestSheetStampingAndFiltering" name="test_sheet_visible_without_filter[payments-name]" time="0.055" /><testcase classname="backend.tests.test_iter81_season_scope_team_hub.TestSheetStampingAndFiltering" name="test_sheet_visible_without_filter[paperwork-name]" time="0.049" /><testcase classname="backend.tests.test_iter81_season_scope_team_hub.TestSheetStampingAndFiltering" name="test_sheet_visible_without_filter[signups-name]" time="0.063" /><testcase classname="backend.tests.test_iter81_season_scope_team_hub.TestSheetStampingAndFiltering" name="test_sheet_visible_without_filter[attendance-title]" time="0.297" /><testcase classname="backend.tests.test_iter81_season_scope_team_hub.TestSheetStampingAndFiltering" name="test_detail_returns_season_ids[payments-name]" time="0.052" /><testcase classname="backend.tests.test_iter81_season_scope_team_hub.TestSheetStampingAndFiltering" name="test_detail_returns_season_ids[paperwork-name]" time="0.052" /><testcase classname="backend.tests.test_iter81_season_scope_team_hub.TestSheetStampingAndFiltering" name="test_detail_returns_season_ids[signups-name]" time="0.052" /><testcase classname="backend.tests.test_iter81_season_scope_team_hub.TestSheetStampingAndFiltering" name="test_detail_returns_season_ids[attendance-title]" time="0.053" /><testcase classname="backend.tests.test_iter81_season_scope_team_hub.TestLegacySheetAlwaysShows" name="test_no_season_sheet_shows_under_any_filter" time="0.049"><skipped type="pytest.skip" message="No legacy (empty season_ids) sheets to validate; core stamping/filter tests still cover this.">/app/backend/tests/test_iter81_season_scope_team_hub.py:199: No legacy (empty season_ids) sheets to validate; core stamping/filter tests still cover this.</skipped></testcase><testcase classname="backend.tests.test_iter81_season_scope_team_hub.TestSummaryMemberTotalScoped" name="test_payments_summary_member_total_scoped_to_s1" time="0.604" /></testsuite></testsuites>