<?xml version="1.0" encoding="utf-8"?><testsuites name="pytest tests"><testsuite name="pytest" errors="0" failures="0" skipped="0" tests="14" time="2.052" timestamp="2026-06-16T23:19:19.601522+00:00" hostname="agent-env-776ba8fc-fc69-4cf1-aa74-fa7efdaca6ab"><testcase classname="backend.tests.test_teams_phase_b" name="test_01_create_team" time="0.513" /><testcase classname="backend.tests.test_teams_phase_b" name="test_02_list_teams_scoped" time="0.052" /><testcase classname="backend.tests.test_teams_phase_b" name="test_03_update_team" time="0.047" /><testcase classname="backend.tests.test_teams_phase_b" name="test_04_create_athlete_cap_400" time="0.046" /><testcase classname="backend.tests.test_teams_phase_b" name="test_05_create_coach_unlimited" time="0.042" /><testcase classname="backend.tests.test_teams_phase_b" name="test_06_patch_athlete_cap" time="0.135" /><testcase classname="backend.tests.test_teams_phase_b" name="test_07_competition_team_fields_round_trip" time="0.236" /><testcase classname="backend.tests.test_teams_phase_b" name="test_08_delete_team_cascade" time="0.220" /><testcase classname="backend.tests.test_teams_phase_b" name="test_09_bulk_delete_teams" time="0.104" /><testcase classname="backend.tests.test_teams_phase_b" name="test_10a_regression_athletes_list" time="0.044" /><testcase classname="backend.tests.test_teams_phase_b" name="test_10b_regression_competitions_list" time="0.044" /><testcase classname="backend.tests.test_teams_phase_b" name="test_10c_regression_expenses_bulk_delete" time="0.173" /><testcase classname="backend.tests.test_teams_phase_b" name="test_10d_regression_payment_create" time="0.137" /><testcase classname="backend.tests.test_teams_phase_b" name="test_99_cleanup" time="0.192" /></testsuite></testsuites>