<?xml version="1.0" encoding="utf-8"?><testsuites name="pytest tests"><testsuite name="pytest" errors="0" failures="0" skipped="0" tests="20" time="6.734" timestamp="2026-06-19T04:16:14.642989+00:00" hostname="agent-env-776ba8fc-fc69-4cf1-aa74-fa7efdaca6ab"><testcase classname="backend.tests.test_iter18_waterfall_and_team_calendar.TestWaterfallAllocation" name="test_01_payment_250_pays_camp_and_gear_full" time="0.819" /><testcase classname="backend.tests.test_iter18_waterfall_and_team_calendar.TestWaterfallAllocation" name="test_02_partial_60_across_two" time="0.738" /><testcase classname="backend.tests.test_iter18_waterfall_and_team_calendar.TestWaterfallAllocation" name="test_03_reverse_id_order_still_waterfalls" time="0.322" /><testcase classname="backend.tests.test_iter18_waterfall_and_team_calendar.TestTeamMeetTimesRoundTrip" name="test_04_patch_two_entries_round_trip" time="0.187" /><testcase classname="backend.tests.test_iter18_waterfall_and_team_calendar.TestTeamMeetTimesRoundTrip" name="test_05_edit_single_entry" time="0.091" /><testcase classname="backend.tests.test_iter18_waterfall_and_team_calendar.TestTeamMeetTimesRoundTrip" name="test_06_remove_one_entry" time="0.181" /><testcase classname="backend.tests.test_iter18_waterfall_and_team_calendar.TestCalendarFeed" name="test_07_team_meet_and_performance_present" time="0.182" /><testcase classname="backend.tests.test_iter18_waterfall_and_team_calendar.TestCalendarFeed" name="test_08_team_to_watch_cyan" time="0.048" /><testcase classname="backend.tests.test_iter18_waterfall_and_team_calendar.TestCalendarFeed" name="test_09_bare_date_emits_marker" time="0.136" /><testcase classname="backend.tests.test_iter18_waterfall_and_team_calendar.TestICSExport" name="test_10_ics_includes_timed_team_events" time="0.280" /><testcase classname="backend.tests.test_iter18_waterfall_and_team_calendar.TestRegression" name="test_11_auth_me" time="0.043" /><testcase classname="backend.tests.test_iter18_waterfall_and_team_calendar.TestRegression" name="test_12_athlete_5_teams_unlimited" time="0.357" /><testcase classname="backend.tests.test_iter18_waterfall_and_team_calendar.TestRegression" name="test_13_team_cascade_delete" time="0.397" /><testcase classname="backend.tests.test_iter18_waterfall_and_team_calendar.TestRegression" name="test_14_competition_omit_list_fields" time="0.088" /><testcase classname="backend.tests.test_iter18_waterfall_and_team_calendar.TestRegression" name="test_15_bulk_delete_resources" time="0.221" /><testcase classname="backend.tests.test_iter18_waterfall_and_team_calendar.TestRegression" name="test_16_standard_payment_with_explicit_allocations" time="0.324" /><testcase classname="backend.tests.test_iter19_payment_fixes.TestPostExplicitAllocations" name="test_A_post_with_explicit_allocations" time="0.814" /><testcase classname="backend.tests.test_iter19_payment_fixes.TestPatchAmountDecreaseClearsFlags" name="test_B_patch_amount_decrease_resets_both_flags" time="0.552" /><testcase classname="backend.tests.test_iter19_payment_fixes.TestPatchExplicitAllocationsOverride" name="test_C_patch_explicit_allocations_skip_waterfall" time="0.509" /><testcase classname="backend.tests.test_iter19_payment_fixes.TestDeleteRefreshesPaidFlags" name="test_D_delete_payment_clears_paid_flag" time="0.366" /></testsuite></testsuites>