<?xml version="1.0" encoding="utf-8"?><testsuites name="pytest tests"><testsuite name="pytest" errors="0" failures="0" skipped="0" tests="10" time="4.526" timestamp="2026-07-01T17:05:41.565248+00:00" hostname="agent-env-57994f63-7462-48aa-bdd2-bde2009a16ea"><testcase classname="backend.tests.test_v22_multiday_and_share.TestMultiDaySchedule" name="test_create_with_end_date_persists" time="0.747" /><testcase classname="backend.tests.test_v22_multiday_and_share.TestMultiDaySchedule" name="test_get_schedule_returns_end_date" time="0.406" /><testcase classname="backend.tests.test_v22_multiday_and_share.TestMultiDaySchedule" name="test_calendar_expands_multiday_across_range" time="0.341" /><testcase classname="backend.tests.test_v22_multiday_and_share.TestMultiDaySchedule" name="test_calendar_single_day_no_suffix" time="0.353" /><testcase classname="backend.tests.test_v22_multiday_and_share.TestMultiDaySchedule" name="test_calendar_equal_end_date_no_suffix" time="0.344" /><testcase classname="backend.tests.test_v22_multiday_and_share.TestMultiDaySchedule" name="test_recurring_regression" time="0.673" /><testcase classname="backend.tests.test_v22_multiday_and_share.TestFundraiserShare" name="test_share_enable_returns_token" time="0.322" /><testcase classname="backend.tests.test_v22_multiday_and_share.TestFundraiserShare" name="test_public_get_returns_data" time="0.456" /><testcase classname="backend.tests.test_v22_multiday_and_share.TestFundraiserShare" name="test_public_get_bad_token_404" time="0.130" /><testcase classname="backend.tests.test_v22_multiday_and_share.TestFundraiserShare" name="test_share_disable_makes_public_404" time="0.672" /></testsuite></testsuites>