<?xml version="1.0" encoding="utf-8"?><testsuites name="pytest tests"><testsuite name="pytest" errors="0" failures="0" skipped="0" tests="7" time="6.312" timestamp="2026-08-31T19:34:29.074200+00:00" hostname="agent-env-b7aaa67e-127b-469d-83ba-e1e9897c3d64"><testcase classname="backend.tests.test_scouting_bulk_and_selection.TestTemplate" name="test_template_csv" time="0.924" /><testcase classname="backend.tests.test_scouting_bulk_and_selection.TestTemplate" name="test_template_xlsx" time="0.267" /><testcase classname="backend.tests.test_scouting_bulk_and_selection.TestTemplate" name="test_template_requires_team_access" time="0.567" /><testcase classname="backend.tests.test_scouting_bulk_and_selection.TestImport" name="test_import_csv_with_aliases_clamp_and_dedupe" time="0.851" /><testcase classname="backend.tests.test_scouting_bulk_and_selection.TestImport" name="test_import_xlsx_works" time="0.329" /><testcase classname="backend.tests.test_scouting_bulk_and_selection.TestSelectionModel" name="test_coach_sees_all_skills_include_all" time="0.524" /><testcase classname="backend.tests.test_scouting_bulk_and_selection.TestSelectionModel" name="test_parent_and_athlete_see_only_selected" time="2.646" /></testsuite></testsuites>