<?xml version="1.0" encoding="utf-8"?><testsuites name="pytest tests"><testsuite name="pytest" errors="0" failures="0" skipped="0" tests="29" time="7.374" timestamp="2026-06-03T21:22:56.774312+00:00" hostname="agent-env-776ba8fc-fc69-4cf1-aa74-fa7efdaca6ab"><testcase classname="backend.tests.test_cheertrack_backend.TestHealth" name="test_root" time="0.221" /><testcase classname="backend.tests.test_cheertrack_backend.TestAuth" name="test_signup_returns_token_and_user" time="0.308" /><testcase classname="backend.tests.test_cheertrack_backend.TestAuth" name="test_signup_duplicate_email_rejected" time="0.330" /><testcase classname="backend.tests.test_cheertrack_backend.TestAuth" name="test_login_success" time="0.271" /><testcase classname="backend.tests.test_cheertrack_backend.TestAuth" name="test_login_wrong_password" time="0.271" /><testcase classname="backend.tests.test_cheertrack_backend.TestAuth" name="test_me_returns_current_user" time="0.054" /><testcase classname="backend.tests.test_cheertrack_backend.TestAuth" name="test_me_no_token" time="0.048" /><testcase classname="backend.tests.test_cheertrack_backend.TestAuth" name="test_me_invalid_token" time="0.047" /><testcase classname="backend.tests.test_cheertrack_backend.TestAthletes" name="test_create_list_update_delete" time="0.260" /><testcase classname="backend.tests.test_cheertrack_backend.TestExpenses" name="test_categories" time="0.050" /><testcase classname="backend.tests.test_cheertrack_backend.TestExpenses" name="test_expense_crud_and_filter" time="0.273" /><testcase classname="backend.tests.test_cheertrack_backend.TestPayments" name="test_payment_crud" time="0.220" /><testcase classname="backend.tests.test_cheertrack_backend.TestCompetitions" name="test_competition_crud" time="0.321" /><testcase classname="backend.tests.test_cheertrack_backend.TestBookings" name="test_booking_types_and_crud" time="0.476" /><testcase classname="backend.tests.test_cheertrack_backend.TestFundraisers" name="test_fundraiser_crud" time="0.173" /><testcase classname="backend.tests.test_cheertrack_backend.TestDashboard" name="test_dashboard_aggregate" time="0.365" /><testcase classname="backend.tests.test_cheertrack_backend.TestReminders" name="test_reminders_categories" time="0.262" /><testcase classname="backend.tests.test_cheertrack_backend.TestReminders" name="test_reminders_exclude_zero_balance_booking" time="0.159" /><testcase classname="backend.tests.test_cheertrack_backend.TestUserScoping" name="test_user_a_cannot_access_user_b_athlete" time="0.569" /><testcase classname="backend.tests.test_cheertrack_backend.TestUserScoping" name="test_user_a_cannot_access_user_b_competition" time="0.189" /><testcase classname="backend.tests.test_cheertrack_backend.TestCascadeDeletes" name="test_delete_athlete_cascades_expenses_and_payments" time="0.337" /><testcase classname="backend.tests.test_cheertrack_backend.TestCascadeDeletes" name="test_delete_competition_cascades_bookings" time="0.224" /><testcase classname="backend.tests.test_cheertrack_backend.TestAthleteCompetitionIds" name="test_create_athlete_defaults_competition_ids_empty" time="0.103" /><testcase classname="backend.tests.test_cheertrack_backend.TestAthleteCompetitionIds" name="test_create_athlete_with_competition_ids" time="0.384" /><testcase classname="backend.tests.test_cheertrack_backend.TestAthleteCompetitionIds" name="test_patch_athlete_replaces_competition_ids" time="0.543" /><testcase classname="backend.tests.test_cheertrack_backend.TestAthleteCompetitionIds" name="test_patch_athlete_empty_competition_ids_accepted" time="0.329" /><testcase classname="backend.tests.test_cheertrack_backend.TestAthleteCompetitionIds" name="test_patch_athlete_other_field_does_not_clear_competition_ids" time="0.261" /><testcase classname="backend.tests.test_cheertrack_backend.TestAthleteCompetitionIds" name="test_competition_ids_user_scoped" time="0.175" /><testcase classname="backend.tests.test_cheertrack_backend.TestDashboardBalanceFields" name="test_dashboard_returns_all_balance_and_stat_fields" time="0.079" /></testsuite></testsuites>