<?xml version="1.0" encoding="utf-8"?><testsuites name="pytest tests"><testsuite name="pytest" errors="0" failures="0" skipped="0" tests="23" time="3.409" timestamp="2026-06-16T23:41:51.930694+00:00" hostname="agent-env-776ba8fc-fc69-4cf1-aa74-fa7efdaca6ab"><testcase classname="backend.tests.test_teams_phase_b" name="test_01_create_team" time="0.524" /><testcase classname="backend.tests.test_teams_phase_b" name="test_02_list_teams_scoped" time="0.052" /><testcase classname="backend.tests.test_teams_phase_b" name="test_03_update_team" time="0.051" /><testcase classname="backend.tests.test_teams_phase_b" name="test_04_create_athlete_no_cap_4_teams" time="0.052" /><testcase classname="backend.tests.test_teams_phase_b" name="test_04b_create_athlete_no_cap_10_teams" time="0.048" /><testcase classname="backend.tests.test_teams_phase_b" name="test_05_create_coach_unlimited" time="0.051" /><testcase classname="backend.tests.test_teams_phase_b" name="test_06_patch_athlete_no_cap" time="0.162" /><testcase classname="backend.tests.test_teams_phase_b" name="test_06b_patch_athlete_eight_teams" time="0.103" /><testcase classname="backend.tests.test_teams_phase_b" name="test_07_competition_team_fields_round_trip" time="0.251" /><testcase classname="backend.tests.test_teams_phase_b" name="test_08_delete_team_cascade" time="0.206" /><testcase classname="backend.tests.test_teams_phase_b" name="test_09_bulk_delete_teams" time="0.097" /><testcase classname="backend.tests.test_teams_phase_b" name="test_10a_regression_athletes_list" time="0.061" /><testcase classname="backend.tests.test_teams_phase_b" name="test_10b_regression_competitions_list" time="0.067" /><testcase classname="backend.tests.test_teams_phase_b" name="test_10c_regression_expenses_bulk_delete" time="0.152" /><testcase classname="backend.tests.test_teams_phase_b" name="test_10d_regression_payment_create" time="0.192" /><testcase classname="backend.tests.test_teams_phase_b" name="test_11_create_competition_without_list_fields" time="0.057" /><testcase classname="backend.tests.test_teams_phase_b" name="test_12_role_persists" time="0.173" /><testcase classname="backend.tests.test_teams_phase_b" name="test_13a_bulk_delete_payments" time="0.177" /><testcase classname="backend.tests.test_teams_phase_b" name="test_13b_bulk_delete_fundraisers" time="0.106" /><testcase classname="backend.tests.test_teams_phase_b" name="test_13c_bulk_delete_schedule_events" time="0.112" /><testcase classname="backend.tests.test_teams_phase_b" name="test_13d_bulk_delete_competitions" time="0.113" /><testcase classname="backend.tests.test_teams_phase_b" name="test_14_auth_me" time="0.051" /><testcase classname="backend.tests.test_teams_phase_b" name="test_99_cleanup" time="0.440" /></testsuite></testsuites>