<?xml version="1.0" encoding="utf-8"?><testsuites name="pytest tests"><testsuite name="pytest" errors="0" failures="0" skipped="0" tests="10" time="1.274" timestamp="2026-07-01T16:40:04.118438+00:00" hostname="agent-env-57994f63-7462-48aa-bdd2-bde2009a16ea"><testcase classname="backend.tests.test_v22_fundraiser_toggle_duetoday.TestFundraiserEventType" name="test_create_fundraiser_schedule_event" time="0.457" /><testcase classname="backend.tests.test_v22_fundraiser_toggle_duetoday.TestFundraiserEventType" name="test_fundraiser_listed_in_schedule" time="0.052" /><testcase classname="backend.tests.test_v22_fundraiser_toggle_duetoday.TestFundraiserEventType" name="test_fundraiser_appears_on_calendar" time="0.069" /><testcase classname="backend.tests.test_v22_fundraiser_toggle_duetoday.TestFundraiserEventType" name="test_cleanup_fundraiser" time="0.049" /><testcase classname="backend.tests.test_v22_fundraiser_toggle_duetoday.TestTeamsToWatchToggle" name="test_skip_when_toggle_off" time="0.136" /><testcase classname="backend.tests.test_v22_fundraiser_toggle_duetoday.TestTeamsToWatchToggle" name="test_create_when_toggle_on" time="0.099" /><testcase classname="backend.tests.test_v22_fundraiser_toggle_duetoday.TestTeamsToWatchToggle" name="test_cleanup_created_comp" time="0.046" /><testcase classname="backend.tests.test_v22_fundraiser_toggle_duetoday.TestDashboardDueToday" name="test_due_today_increments_after_creating_expense" time="0.187" /><testcase classname="backend.tests.test_v22_fundraiser_toggle_duetoday.TestDashboardDueToday" name="test_due_today_is_numeric" time="0.049" /><testcase classname="backend.tests.test_v22_fundraiser_toggle_duetoday.TestDashboardDueToday" name="test_cleanup_expense" time="0.050" /></testsuite></testsuites>