<?xml version="1.0" encoding="utf-8"?><testsuites name="pytest tests"><testsuite name="pytest" errors="0" failures="0" skipped="0" tests="15" time="2.107" timestamp="2026-07-29T16:53:06.935864+00:00" hostname="agent-env-b7aaa67e-127b-469d-83ba-e1e9897c3d64"><testcase classname="backend.tests.test_iter75_links_and_reminders.TestPaymentTrackerLinks" name="test_create_tracker_with_links" time="0.701" /><testcase classname="backend.tests.test_iter75_links_and_reminders.TestPaymentTrackerLinks" name="test_get_tracker_persists_links" time="0.067" /><testcase classname="backend.tests.test_iter75_links_and_reminders.TestPaymentTrackerLinks" name="test_patch_tracker_updates_links" time="0.149" /><testcase classname="backend.tests.test_iter75_links_and_reminders.TestPaymentTrackerLinks" name="test_payment_reminder_shape" time="0.072" /><testcase classname="backend.tests.test_iter75_links_and_reminders.TestPaymentTrackerLinks" name="test_cleanup_tracker" time="0.065" /><testcase classname="backend.tests.test_iter75_links_and_reminders.TestSignupSheetLinks" name="test_create_sheet_with_links" time="0.070" /><testcase classname="backend.tests.test_iter75_links_and_reminders.TestSignupSheetLinks" name="test_patch_sheet_updates_links" time="0.134" /><testcase classname="backend.tests.test_iter75_links_and_reminders.TestSignupSheetLinks" name="test_signup_reminder_shape" time="0.072" /><testcase classname="backend.tests.test_iter75_links_and_reminders.TestSignupSheetLinks" name="test_cleanup_sheet" time="0.066" /><testcase classname="backend.tests.test_iter75_links_and_reminders.TestPaperworkItemLinks" name="test_create_sheet" time="0.071" /><testcase classname="backend.tests.test_iter75_links_and_reminders.TestPaperworkItemLinks" name="test_add_item_with_links" time="0.073" /><testcase classname="backend.tests.test_iter75_links_and_reminders.TestPaperworkItemLinks" name="test_patch_item_updates_links" time="0.145" /><testcase classname="backend.tests.test_iter75_links_and_reminders.TestPaperworkItemLinks" name="test_item_reminder_shape" time="0.075" /><testcase classname="backend.tests.test_iter75_links_and_reminders.TestPaperworkItemLinks" name="test_cleanup_paperwork" time="0.068" /><testcase classname="backend.tests.test_iter75_links_and_reminders.TestRosterEmpty" name="test_roster_endpoint_returns_list" time="0.068" /></testsuite></testsuites>