<?xml version="1.0" encoding="utf-8"?><testsuites name="pytest tests"><testsuite name="pytest" errors="0" failures="0" skipped="0" tests="7" time="1.265" timestamp="2026-06-29T20:10:10.834363+00:00" hostname="agent-env-57994f63-7462-48aa-bdd2-bde2009a16ea"><testcase classname="backend.tests.test_team_logo_image" name="test_01_create_team_with_logo" time="0.572" /><testcase classname="backend.tests.test_team_logo_image" name="test_02_get_teams_includes_logo" time="0.057" /><testcase classname="backend.tests.test_team_logo_image" name="test_03_patch_logo_to_new_value" time="0.109" /><testcase classname="backend.tests.test_team_logo_image" name="test_04_patch_logo_empty_string_clears" time="0.135" /><testcase classname="backend.tests.test_team_logo_image" name="test_05_create_team_without_logo" time="0.050" /><testcase classname="backend.tests.test_team_logo_image" name="test_06_patch_add_logo_later" time="0.052" /><testcase classname="backend.tests.test_team_logo_image" name="test_07_delete_still_works" time="0.165" /></testsuite></testsuites>