<?xml version="1.0" encoding="utf-8"?><testsuites name="pytest tests"><testsuite name="pytest" errors="0" failures="0" skipped="0" tests="6" time="11.018" timestamp="2026-08-16T16:03:36.753399+00:00" hostname="agent-env-b7aaa67e-127b-469d-83ba-e1e9897c3d64"><testcase classname="backend.tests.test_iter100_team_chat_p4" name="test_a_guidelines_gate" time="7.983" /><testcase classname="backend.tests.test_iter100_team_chat_p4" name="test_b_profanity_filter" time="0.101" /><testcase classname="backend.tests.test_iter100_team_chat_p4" name="test_c_three_flags_auto_hide" time="1.080" /><testcase classname="backend.tests.test_iter100_team_chat_p4" name="test_d_block_unblock" time="0.707" /><testcase classname="backend.tests.test_iter100_team_chat_p4" name="test_e_delete_permissions" time="0.484" /><testcase classname="backend.tests.test_iter100_team_chat_p4" name="test_f_flags_queue_admin_only" time="0.582" /></testsuite></testsuites>