<?xml version="1.0" encoding="utf-8"?><testsuites name="pytest tests"><testsuite name="pytest" errors="0" failures="0" skipped="0" tests="13" time="62.473" timestamp="2026-06-04T00:15:43.530841+00:00" hostname="agent-env-776ba8fc-fc69-4cf1-aa74-fa7efdaca6ab"><testcase classname="backend.tests.test_flight_calendar_normalize_and_expense_edit.TestFlightCalendarNormalize" name="test_1_iso_depart_only" time="0.769" /><testcase classname="backend.tests.test_flight_calendar_normalize_and_expense_edit.TestFlightCalendarNormalize" name="test_2_dd_mm_yyyy_with_time_both_legs" time="0.456" /><testcase classname="backend.tests.test_flight_calendar_normalize_and_expense_edit.TestFlightCalendarNormalize" name="test_3_dd_slash_mm_slash_yyyy" time="0.569" /><testcase classname="backend.tests.test_flight_calendar_normalize_and_expense_edit.TestFlightCalendarNormalize" name="test_4_garbage_string_no_flight_events" time="0.463" /><testcase classname="backend.tests.test_flight_calendar_normalize_and_expense_edit.TestFlightCalendarNormalize" name="test_5_outbound_only_dd_mm_yyyy_no_travel_day" time="0.494" /><testcase classname="backend.tests.test_flight_calendar_normalize_and_expense_edit.TestFlightCalendarNormalize" name="test_6_mixed_iso_hotel_plus_dd_mm_yyyy_flight" time="0.522" /><testcase classname="backend.tests.test_flight_calendar_normalize_and_expense_edit.TestExpenseEdit" name="test_7_patch_amount_updates_and_recomputes_balance" time="0.519" /><testcase classname="backend.tests.test_flight_calendar_normalize_and_expense_edit.TestExpenseEdit" name="test_8_patch_category_and_note" time="0.503" /><testcase classname="backend.tests.test_flight_calendar_normalize_and_expense_edit.TestExpenseEdit" name="test_9_patch_paid_true_marks_paid_balance_zero" time="0.501" /><testcase classname="backend.tests.test_flight_calendar_normalize_and_expense_edit.TestExpenseEdit" name="test_10_patch_empty_body_returns_400" time="0.438" /><testcase classname="backend.tests.test_flight_calendar_normalize_and_expense_edit.TestExpenseEdit" name="test_11_patch_nonexistent_returns_404" time="55.742" /><testcase classname="backend.tests.test_flight_calendar_normalize_and_expense_edit.TestExpenseEdit" name="test_12_patch_cross_user_returns_404" time="0.791" /><testcase classname="backend.tests.test_flight_calendar_normalize_and_expense_edit.TestExpenseEdit" name="test_13_apply_payment_after_paid_true_returns_400" time="0.499" /></testsuite></testsuites>